>>> --------------- checkTriggers_cfg.py ------------------------------------
>>> year          = -1
>>> dtype         = ''
>>> verbose       = False
>>> nlast         = 1
>>> triggers      = []
>>> filters       = ['hltEle*CaloIdVTGsfTrkIdTGsf*Filter']
>>> checkFilters  = ['hltEle*CaloIdVTGsfTrkIdTGsf*Filter']
>>> vetoTriggers  = []
>>> ignoreFilters = []
>>> files         = [
>>>   'file:root://xrootd-cms.infn.it//store/mc/RunIISummer16MiniAODv3/DYJetsToLL_M-50_TuneCUETP8M1_13TeV-madgraphMLM-pythia8/MINIAODSIM/PUMoriond17_94X_mcRun2_asymptotic_v3_ext1-v2/120000/ACDA5D95-3EDF-E811-AC6F-842B2B6AEE8B.root',
>>>   'file:root://xrootd-cms.infn.it//store/mc/RunIIFall17MiniAODv2/DYJetsToLL_M-50_TuneCP5_13TeV-madgraphMLM-pythia8/MINIAODSIM/PU2017RECOSIMstep_12Apr2018_94X_mc2017_realistic_v14-v1/70000/0256D125-5A44-E811-8C69-44A842CFD64D.root',
>>>   'file:root://xrootd-cms.infn.it//store/mc/RunIIAutumn18MiniAOD/DYJetsToLL_M-50_TuneCP5_13TeV-madgraphMLM-pythia8/MINIAODSIM/102X_upgrade2018_realistic_v15-v1/100000/08540B6C-AA39-3F49-8FFE-8771AD2A8885.root',
>>>   'file:root://xrootd-cms.infn.it//store/data/Run2016B/Tau/MINIAOD/17Jul2018_ver2-v1/40000/349B0F86-F78B-E811-8D9E-7CD30AD0A75C.root',
>>>   'file:root://xrootd-cms.infn.it//store/data/Run2016C/Tau/MINIAOD/17Jul2018-v1/40000/52BAEB0A-478A-E811-8376-0CC47A4D764C.root',
>>>   'file:root://xrootd-cms.infn.it//store/data/Run2016D/Tau/MINIAOD/17Jul2018-v1/40000/46AA66A9-708B-E811-9182-AC1F6B23C830.root',
>>>   'file:root://xrootd-cms.infn.it//store/data/Run2016E/Tau/MINIAOD/17Jul2018-v1/00000/863BF917-368A-E811-9D0F-0242AC1C0503.root',
>>>   'file:root://xrootd-cms.infn.it//store/data/Run2016F/Tau/MINIAOD/17Jul2018-v1/40000/BCBF3F41-988A-E811-A6B4-008CFAFBFC72.root',
>>>   'file:root://xrootd-cms.infn.it//store/data/Run2016G/Tau/MINIAOD/17Jul2018-v1/20000/807650BA-C98B-E811-8B69-008CFA0A55E8.root',
>>>   'file:root://xrootd-cms.infn.it//store/data/Run2016H/Tau/MINIAOD/17Jul2018-v1/80000/78EDACAC-8C8D-E811-8BF8-008CFA111354.root',
>>>   'file:root://xrootd-cms.infn.it//store/data/Run2017B/Tau/MINIAOD/31Mar2018-v1/90000/602B3645-3237-E811-B67B-A4BF0112BE4C.root',
>>>   'file:root://xrootd-cms.infn.it//store/data/Run2017C/Tau/MINIAOD/31Mar2018-v1/00000/F057F44E-C637-E811-94D6-D4AE527EEA1D.root',
>>>   'file:root://xrootd-cms.infn.it//store/data/Run2017D/Tau/MINIAOD/31Mar2018-v1/00000/6695F96F-E836-E811-BB64-008CFAF554C8.root',
>>>   'file:root://xrootd-cms.infn.it//store/data/Run2017E/Tau/MINIAOD/31Mar2018-v1/90000/4075D591-6C37-E811-BED9-B4E10FA31F63.root',
>>>   'file:root://xrootd-cms.infn.it//store/data/Run2017F/Tau/MINIAOD/31Mar2018-v1/30000/E45B7EAA-BB37-E811-9BD6-1866DAEA79C8.root',
>>>   'file:root://xrootd-cms.infn.it//store/data/Run2018A/Tau/MINIAOD/17Sep2018-v1/270000/72909117-1CB7-A745-99E4-34F7728F0DC1.root',
>>>   'file:root://xrootd-cms.infn.it//store/data/Run2018B/Tau/MINIAOD/17Sep2018-v1/100000/FB06FB19-4CC9-5F47-AEE2-D69D3089BA91.root',
>>>   'file:root://xrootd-cms.infn.it//store/data/Run2018C/Tau/MINIAOD/17Sep2018-v1/120000/B21AD337-DD07-0943-9683-93FC5C1215DB.root',
>>>   'file:root://xrootd-cms.infn.it//store/data/Run2018D/Tau/MINIAOD/PromptReco-v2/000/320/654/00000/FE8DA6C7-9896-E811-8CD8-FA163EA5E58D.root'
>>> ]
>>> ----------------------------------------------------------------------
>>> HLT config extraction succeeded with process name 'HLT'
>>>   HLT menu name: '[1m/frozen/2016/25ns15e33/v4.0/HLT/V2[0m'
>>>   Global tag:    '[1m80X_mcRun2_asymptotic_2016_TrancheIV_v6[0m'
>>> HLT config extraction succeeded with process name 'HLT'
>>>   HLT menu name: '[1m/frozen/2017/2e34/v4.0/HLT/V5[0m'
>>>   Global tag:    '[1m94X_mc2017_realistic_v10[0m'
>>> HLT config extraction succeeded with process name 'HLT'
>>>   HLT menu name: '[1m/frozen/2018/2e34/v3.2/HLT/V1[0m'
>>>   Global tag:    '[1m102X_upgrade2018_realistic_v15[0m'
>>> HLT config extraction succeeded with process name 'HLT'
>>>   HLT menu name: '[1m/cdaq/physics/Run2016/25ns10e33/v1.2.1/HLT/V4[0m'
>>>   Global tag:    '[1m80X_dataRun2_HLT_v12[0m'
>>> HLT config extraction succeeded with process name 'HLT'
>>>   HLT menu name: '[1m/cdaq/physics/Run2016/25ns10e33/v1.2.3/HLT/V6[0m'
>>>   Global tag:    '[1m80X_dataRun2_HLT_v12[0m'
>>>   Trigger menu did not change. Skipping...
>>> HLT config extraction succeeded with process name 'HLT'
>>>   HLT menu name: '[1m/cdaq/physics/Run2016/25ns10e33/v1.2.4/HLT/V1[0m'
>>>   Global tag:    '[1m80X_dataRun2_HLT_v12[0m'
>>> HLT config extraction succeeded with process name 'HLT'
>>>   HLT menu name: '[1m/cdaq/physics/Run2016/25ns10e33/v1.2.5/HLT/V3[0m'
>>>   Global tag:    '[1m80X_dataRun2_HLT_v12[0m'
>>> HLT config extraction succeeded with process name 'HLT'
>>>   HLT menu name: '[1m/cdaq/physics/Run2016/25ns10e33/v1.2.5/HLT/V6[0m'
>>>   Global tag:    '[1m80X_dataRun2_HLT_v12[0m'
>>> HLT config extraction succeeded with process name 'HLT'
>>>   HLT menu name: '[1m/cdaq/physics/Run2016/25ns10e33/v1.2.5/HLT/V9[0m'
>>>   Global tag:    '[1m80X_dataRun2_HLT_v12[0m'
>>>   Trigger menu did not change. Skipping...
>>>   Trigger menu did not change. Skipping...
>>>   Trigger menu did not change. Skipping...
>>> HLT config extraction succeeded with process name 'HLT'
>>>   HLT menu name: '[1m/cdaq/physics/Run2016/25ns10e33/v2.1.4/HLT/V1[0m'
>>>   Global tag:    '[1m80X_dataRun2_HLT_v12[0m'
>>>   Trigger menu did not change. Skipping...
>>> HLT config extraction succeeded with process name 'HLT'
>>>   HLT menu name: '[1m/cdaq/physics/Run2016/25ns10e33/v2.1.4/HLT/V2[0m'
>>>   Global tag:    '[1m80X_dataRun2_HLT_v12[0m'
>>>   Trigger menu did not change. Skipping...
>>>   Trigger menu did not change. Skipping...
>>>   Trigger menu did not change. Skipping...
>>> HLT config extraction succeeded with process name 'HLT'
>>>   HLT menu name: '[1m/cdaq/physics/Run2016/25ns10e33/v2.2.0/HLT/V2[0m'
>>>   Global tag:    '[1m80X_dataRun2_HLT_v12[0m'
>>>   Trigger menu did not change. Skipping...
>>> HLT config extraction succeeded with process name 'HLT'
>>>   HLT menu name: '[1m/cdaq/physics/Run2016/25ns10e33/v2.2.0/HLT/V13[0m'
>>>   Global tag:    '[1m80X_dataRun2_HLT_v12[0m'
>>>   Trigger menu did not change. Skipping...
>>> HLT config extraction succeeded with process name 'HLT'
>>>   HLT menu name: '[1m/cdaq/physics/Run2016/25ns10e33/v2.2.1/HLT/V3[0m'
>>>   Global tag:    '[1m80X_dataRun2_HLT_v12[0m'
>>>   Trigger menu did not change. Skipping...
>>> HLT config extraction succeeded with process name 'HLT'
>>>   HLT menu name: '[1m/cdaq/physics/Run2016/25ns15e33/v3.0/HLT/V6[0m'
>>>   Global tag:    '[1m80X_dataRun2_HLT_v12[0m'
>>> HLT config extraction succeeded with process name 'HLT'
>>>   HLT menu name: '[1m/cdaq/physics/Run2016/25ns15e33/v3.0/HLT/V7[0m'
>>>   Global tag:    '[1m80X_dataRun2_HLT_v12[0m'
>>>   Trigger menu did not change. Skipping...
>>>   Trigger menu did not change. Skipping...
>>> HLT config extraction succeeded with process name 'HLT'
>>>   HLT menu name: '[1m/cdaq/physics/Run2016/25ns15e33/v3.0.1/HLT/V2[0m'
>>>   Global tag:    '[1m80X_dataRun2_HLT_v12[0m'
>>> HLT config extraction succeeded with process name 'HLT'
>>>   HLT menu name: '[1m/cdaq/physics/Run2016/25ns15e33/v3.0.1/HLT/V3[0m'
>>>   Global tag:    '[1m80X_dataRun2_HLT_v12[0m'
>>> HLT config extraction succeeded with process name 'HLT'
>>>   HLT menu name: '[1m/cdaq/physics/Run2016/25ns15e33/v3.0.1/HLT/V4[0m'
>>>   Global tag:    '[1m80X_dataRun2_HLT_v12[0m'
>>>   Trigger menu did not change. Skipping...
>>> HLT config extraction succeeded with process name 'HLT'
>>>   HLT menu name: '[1m/cdaq/physics/Run2016/25ns15e33/v3.0.1/HLT/V6[0m'
>>>   Global tag:    '[1m80X_dataRun2_HLT_v12[0m'
>>> HLT config extraction succeeded with process name 'HLT'
>>>   HLT menu name: '[1m/cdaq/physics/Run2016/25ns15e33/v3.0.3/HLT/V2[0m'
>>>   Global tag:    '[1m80X_dataRun2_HLT_v12[0m'
>>> HLT config extraction succeeded with process name 'HLT'
>>>   HLT menu name: '[1m/cdaq/physics/Run2016/25ns15e33/v3.0.3/HLT/V4[0m'
>>>   Global tag:    '[1m80X_dataRun2_HLT_v12[0m'
>>> HLT config extraction succeeded with process name 'HLT'
>>>   HLT menu name: '[1m/cdaq/physics/Run2016/25ns15e33/v3.0.3/HLT/V4[0m'
>>>   Global tag:    '[1m80X_dataRun2_HLT_v12[0m'
>>> HLT config extraction succeeded with process name 'HLT'
>>>   HLT menu name: '[1m/cdaq/physics/Run2016/25ns15e33/v3.0.3/HLT/V4[0m'
>>>   Global tag:    '[1m80X_dataRun2_HLT_v12[0m'
>>> HLT config extraction succeeded with process name 'HLT'
>>>   HLT menu name: '[1m/cdaq/physics/Run2016/25ns15e33/v3.1.1/HLT/V1[0m'
>>>   Global tag:    '[1m80X_dataRun2_HLT_v12[0m'
>>> HLT config extraction succeeded with process name 'HLT'
>>>   HLT menu name: '[1m/cdaq/physics/Run2016/25ns15e33/v3.1.1/HLT/V2[0m'
>>>   Global tag:    '[1m80X_dataRun2_HLT_v12[0m'
>>>   Trigger menu did not change. Skipping...
>>> HLT config extraction succeeded with process name 'HLT'
>>>   HLT menu name: '[1m/cdaq/physics/Run2016/25ns15e33/v3.1.2/HLT/V1[0m'
>>>   Global tag:    '[1m80X_dataRun2_HLT_v12[0m'
>>> HLT config extraction succeeded with process name 'HLT'
>>>   HLT menu name: '[1m/cdaq/physics/Run2016/25ns15e33/v3.1.6/HLT/V1[0m'
>>>   Global tag:    '[1m80X_dataRun2_HLT_v12[0m'
>>> HLT config extraction succeeded with process name 'HLT'
>>>   HLT menu name: '[1m/cdaq/physics/Run2016/25ns15e33/v3.1.7_HighRateParkedZeroBias/HLT/V2[0m'
>>>   Global tag:    '[1m80X_dataRun2_HLT_v12[0m'
>>> HLT config extraction succeeded with process name 'HLT'
>>>   HLT menu name: '[1m/cdaq/physics/Run2016/25ns15e33/v3.1.8/HLT/V1[0m'
>>>   Global tag:    '[1m80X_dataRun2_HLT_v12[0m'
>>>   Trigger menu did not change. Skipping...
>>>   Trigger menu did not change. Skipping...
>>> HLT config extraction succeeded with process name 'HLT'
>>>   HLT menu name: '[1m/cdaq/physics/Run2016/25ns15e33/v4.1.7/HLT/V1[0m'
>>>   Global tag:    '[1m80X_dataRun2_HLT_v12[0m'
>>> HLT config extraction succeeded with process name 'HLT'
>>>   HLT menu name: '[1m/cdaq/physics/Run2016/25ns15e33/v4.2.2/HLT/V1[0m'
>>>   Global tag:    '[1m80X_dataRun2_HLT_v12[0m'
>>> HLT config extraction succeeded with process name 'HLT'
>>>   HLT menu name: '[1m/cdaq/physics/Run2016/25ns15e33/v4.2.3/HLT/V1[0m'
>>>   Global tag:    '[1m80X_dataRun2_HLT_v12[0m'
>>> HLT config extraction succeeded with process name 'HLT'
>>>   HLT menu name: '[1m/cdaq/physics/Run2017/2e34/v1.1.7/HLT/V2[0m'
>>>   Global tag:    '[1m92X_dataRun2_HLT_v4[0m'
>>> HLT config extraction succeeded with process name 'HLT'
>>>   HLT menu name: '[1m/cdaq/physics/Run2017/2e34/v1.2.1/HLT/V1[0m'
>>>   Global tag:    '[1m92X_dataRun2_HLT_v4[0m'
>>>   Trigger menu did not change. Skipping...
>>>   Trigger menu did not change. Skipping...
>>>   Trigger menu did not change. Skipping...
>>>   Trigger menu did not change. Skipping...
>>>   Trigger menu did not change. Skipping...
>>> HLT config extraction succeeded with process name 'HLT'
>>>   HLT menu name: '[1m/cdaq/physics/Run2017/2e34/v1.2.1/HLT/V2[0m'
>>>   Global tag:    '[1m92X_dataRun2_HLT_v4[0m'
>>> HLT config extraction succeeded with process name 'HLT'
>>>   HLT menu name: '[1m/cdaq/physics/Run2017/2e34/v1.2.3/HLT/V3[0m'
>>>   Global tag:    '[1m92X_dataRun2_HLT_v4[0m'
>>> HLT config extraction succeeded with process name 'HLT'
>>>   HLT menu name: '[1m/cdaq/physics/Run2017/2e34/v1.2.4/HLT/V1[0m'
>>>   Global tag:    '[1m92X_dataRun2_HLT_v4[0m'
>>> HLT config extraction succeeded with process name 'HLT'
>>>   HLT menu name: '[1m/cdaq/physics/Run2017/2e34/v1.2.4/HLT/V2[0m'
>>>   Global tag:    '[1m92X_dataRun2_HLT_v4[0m'
>>>   Trigger menu did not change. Skipping...
>>> HLT config extraction succeeded with process name 'HLT'
>>>   HLT menu name: '[1m/cdaq/physics/Run2017/2e34/v2.0.1/HLT/V6[0m'
>>>   Global tag:    '[1m92X_dataRun2_HLT_v4[0m'
>>> HLT config extraction succeeded with process name 'HLT'
>>>   HLT menu name: '[1m/cdaq/physics/Run2017/2e34/v2.1.0/HLT/V3[0m'
>>>   Global tag:    '[1m92X_dataRun2_HLT_v4[0m'
>>>   Trigger menu did not change. Skipping...
>>>   Trigger menu did not change. Skipping...
>>>   Trigger menu did not change. Skipping...
>>>   Trigger menu did not change. Skipping...
>>> HLT config extraction succeeded with process name 'HLT'
>>>   HLT menu name: '[1m/cdaq/physics/Run2017/2e34/v2.1.3/HLT/V1[0m'
>>>   Global tag:    '[1m92X_dataRun2_HLT_v4[0m'
>>>   Trigger menu did not change. Skipping...
>>>   Trigger menu did not change. Skipping...
>>>   Trigger menu did not change. Skipping...
>>>   Trigger menu did not change. Skipping...
>>> HLT config extraction succeeded with process name 'HLT'
>>>   HLT menu name: '[1m/cdaq/physics/Run2017/2e34/v2.2.0/HLT/V2[0m'
>>>   Global tag:    '[1m92X_dataRun2_HLT_v7[0m'
>>> HLT config extraction succeeded with process name 'HLT'
>>>   HLT menu name: '[1m/cdaq/physics/Run2017/2e34/v3.0.0/HLT/V1[0m'
>>>   Global tag:    '[1m92X_dataRun2_HLT_v7[0m'
>>>   Trigger menu did not change. Skipping...
>>>   Trigger menu did not change. Skipping...
>>>   Trigger menu did not change. Skipping...
>>>   Trigger menu did not change. Skipping...
>>>   Trigger menu did not change. Skipping...
>>>   Trigger menu did not change. Skipping...
>>>   Trigger menu did not change. Skipping...
>>>   Trigger menu did not change. Skipping...
>>> HLT config extraction succeeded with process name 'HLT'
>>>   HLT menu name: '[1m/cdaq/physics/Run2017/2e34/v3.0.0/HLT/V4[0m'
>>>   Global tag:    '[1m92X_dataRun2_HLT_v7[0m'
>>>   Trigger menu did not change. Skipping...
>>> HLT config extraction succeeded with process name 'HLT'
>>>   HLT menu name: '[1m/cdaq/physics/Run2017/2e34/v3.1.0/HLT/V2[0m'
>>>   Global tag:    '[1m92X_dataRun2_HLT_v7[0m'
>>>   Trigger menu did not change. Skipping...
>>>   Trigger menu did not change. Skipping...
>>>   Trigger menu did not change. Skipping...
>>> HLT config extraction succeeded with process name 'HLT'
>>>   HLT menu name: '[1m/cdaq/physics/Run2017/2e34/v3.1.3/HLT/V1[0m'
>>>   Global tag:    '[1m92X_dataRun2_HLT_v7[0m'
>>>   Trigger menu did not change. Skipping...
>>>   Trigger menu did not change. Skipping...
>>>   Trigger menu did not change. Skipping...
>>> HLT config extraction succeeded with process name 'HLT'
>>>   HLT menu name: '[1m/cdaq/physics/Run2017/2e34/v3.1.3/HLT/V2[0m'
>>>   Global tag:    '[1m92X_dataRun2_HLT_v7[0m'
>>> HLT config extraction succeeded with process name 'HLT'
>>>   HLT menu name: '[1m/cdaq/physics/Run2017/2e34/v3.2.2/HLT/V6[0m'
>>>   Global tag:    '[1m92X_dataRun2_HLT_v7[0m'
>>>   Trigger menu did not change. Skipping...
>>>   Trigger menu did not change. Skipping...
>>>   Trigger menu did not change. Skipping...
>>> HLT config extraction succeeded with process name 'HLT'
>>>   HLT menu name: '[1m/cdaq/physics/Run2017/2e34/v4.1.0/HLT/V3[0m'
>>>   Global tag:    '[1m92X_dataRun2_HLT_v7[0m'
>>> HLT config extraction succeeded with process name 'HLT'
>>>   HLT menu name: '[1m/cdaq/physics/Run2017/2e34/v4.2.1/HLT/V2[0m'
>>>   Global tag:    '[1m92X_dataRun2_HLT_v7[0m'
>>> HLT config extraction succeeded with process name 'HLT'
>>>   HLT menu name: '[1m/cdaq/physics/Run2018/2e34/v1.2.2/HLT/V3[0m'
>>>   Global tag:    '[1m101X_dataRun2_HLT_v7[0m'
>>>   Trigger menu did not change. Skipping...
>>> HLT config extraction succeeded with process name 'HLT'
>>>   HLT menu name: '[1m/cdaq/physics/Run2018/2e34/v2.0.2/HLT/V2[0m'
>>>   Global tag:    '[1m101X_dataRun2_HLT_v7[0m'
>>> HLT config extraction succeeded with process name 'HLT'
>>>   HLT menu name: '[1m/cdaq/physics/Run2018/2e34/v2.0.3/HLT/V1[0m'
>>>   Global tag:    '[1m101X_dataRun2_HLT_v7[0m'
>>>   Trigger menu did not change. Skipping...
>>>   Trigger menu did not change. Skipping...
>>> HLT config extraction succeeded with process name 'HLT'
>>>   HLT menu name: '[1m/cdaq/physics/Run2018/2e34/v2.1.5/HLT/V5[0m'
>>>   Global tag:    '[1m101X_dataRun2_HLT_v7[0m'
>>> HLT config extraction succeeded with process name 'HLT'
>>>   HLT menu name: '[1m/cdaq/physics/Run2018/2e34/v2.1.7/HLT/V3[0m'
>>>   Global tag:    '[1m101X_dataRun2_HLT_v7[0m'
>>>   Trigger menu did not change. Skipping...
>>> HLT config extraction succeeded with process name 'HLT'
>>>   HLT menu name: '[1m/cdaq/physics/Run2018/2e34/v2.2.0/HLT/V1[0m'
>>>   Global tag:    '[1m101X_dataRun2_HLT_v7[0m'
>>> HLT config extraction succeeded with process name 'HLT'
>>>   HLT menu name: '[1m/cdaq/physics/Run2018/2e34/v2.2.0/HLT/V2[0m'
>>>   Global tag:    '[1m101X_dataRun2_HLT_v7[0m'
>>> HLT config extraction succeeded with process name 'HLT'
>>>   HLT menu name: '[1m/cdaq/physics/Run2018/2e34/v2.2.3/HLT/V2[0m'
>>>   Global tag:    '[1m101X_dataRun2_HLT_v7[0m'
>>>   Trigger menu did not change. Skipping...
>>> HLT config extraction succeeded with process name 'HLT'
>>>   HLT menu name: '[1m/cdaq/physics/Run2018/2e34/v3.3.0/HLT/V9[0m'
>>>   Global tag:    '[1m101X_dataRun2_HLT_v7[0m'

  **** Summary of trigger menus ****************************
  *                                                        *
  *   [1m80X_mcRun2_asymptotic_2016_TrancheIV_v6              [0m*
  *     /frozen/2016/25ns15e33/v4.0/HLT/V2                 *
  *                                                        *
  *   [1m94X_mc2017_realistic_v10                             [0m*
  *     /frozen/2017/2e34/v4.0/HLT/V5                      *
  *                                                        *
  *   [1m102X_upgrade2018_realistic_v15                       [0m*
  *     /frozen/2018/2e34/v3.2/HLT/V1                      *
  *                                                        *
  *   [1m80X_dataRun2_HLT_v12                                 [0m*
  *     /cdaq/physics/Run2016/25ns10e33/v1.2.1/HLT/V4      *
  *     /cdaq/physics/Run2016/25ns10e33/v1.2.3/HLT/V6      *
  *     /cdaq/physics/Run2016/25ns10e33/v1.2.4/HLT/V1      *
  *     /cdaq/physics/Run2016/25ns10e33/v1.2.5/HLT/V3      *
  *     /cdaq/physics/Run2016/25ns10e33/v1.2.5/HLT/V6      *
  *     /cdaq/physics/Run2016/25ns10e33/v1.2.5/HLT/V9      *
  *     /cdaq/physics/Run2016/25ns10e33/v2.1.4/HLT/V1      *
  *     /cdaq/physics/Run2016/25ns10e33/v2.1.4/HLT/V2      *
  *     /cdaq/physics/Run2016/25ns10e33/v2.2.0/HLT/V13     *
  *     /cdaq/physics/Run2016/25ns10e33/v2.2.0/HLT/V2      *
  *     /cdaq/physics/Run2016/25ns10e33/v2.2.1/HLT/V3      *
  *     /cdaq/physics/Run2016/25ns15e33/v3.0.1/HLT/V2      *
  *     /cdaq/physics/Run2016/25ns15e33/v3.0.1/HLT/V3      *
  *     /cdaq/physics/Run2016/25ns15e33/v3.0.1/HLT/V4      *
  *     /cdaq/physics/Run2016/25ns15e33/v3.0.1/HLT/V6      *
  *     /cdaq/physics/Run2016/25ns15e33/v3.0.3/HLT/V2      *
  *     /cdaq/physics/Run2016/25ns15e33/v3.0.3/HLT/V4      *
  *     /cdaq/physics/Run2016/25ns15e33/v3.0/HLT/V6        *
  *     /cdaq/physics/Run2016/25ns15e33/v3.0/HLT/V7        *
  *     /cdaq/physics/Run2016/25ns15e33/v3.1.1/HLT/V1      *
  *     /cdaq/physics/Run2016/25ns15e33/v3.1.1/HLT/V2      *
  *     /cdaq/physics/Run2016/25ns15e33/v3.1.2/HLT/V1      *
  *     /cdaq/physics/Run2016/25ns15e33/v3.1.6/HLT/V1      *
  *     /cdaq/physics/Run2016/25ns15e33/v3.1.7_HighRateParkedZeroBias/HLT/V2*
  *     /cdaq/physics/Run2016/25ns15e33/v3.1.8/HLT/V1      *
  *     /cdaq/physics/Run2016/25ns15e33/v4.1.7/HLT/V1      *
  *     /cdaq/physics/Run2016/25ns15e33/v4.2.2/HLT/V1      *
  *     /cdaq/physics/Run2016/25ns15e33/v4.2.3/HLT/V1      *
  *                                                        *
  *   [1m92X_dataRun2_HLT_v4                                  [0m*
  *     /cdaq/physics/Run2017/2e34/v1.1.7/HLT/V2           *
  *     /cdaq/physics/Run2017/2e34/v1.2.1/HLT/V1           *
  *     /cdaq/physics/Run2017/2e34/v1.2.1/HLT/V2           *
  *     /cdaq/physics/Run2017/2e34/v1.2.3/HLT/V3           *
  *     /cdaq/physics/Run2017/2e34/v1.2.4/HLT/V1           *
  *     /cdaq/physics/Run2017/2e34/v1.2.4/HLT/V2           *
  *     /cdaq/physics/Run2017/2e34/v2.0.1/HLT/V6           *
  *     /cdaq/physics/Run2017/2e34/v2.1.0/HLT/V3           *
  *     /cdaq/physics/Run2017/2e34/v2.1.3/HLT/V1           *
  *                                                        *
  *   [1m92X_dataRun2_HLT_v7                                  [0m*
  *     /cdaq/physics/Run2017/2e34/v2.2.0/HLT/V2           *
  *     /cdaq/physics/Run2017/2e34/v3.0.0/HLT/V1           *
  *     /cdaq/physics/Run2017/2e34/v3.0.0/HLT/V4           *
  *     /cdaq/physics/Run2017/2e34/v3.1.0/HLT/V2           *
  *     /cdaq/physics/Run2017/2e34/v3.1.3/HLT/V1           *
  *     /cdaq/physics/Run2017/2e34/v3.1.3/HLT/V2           *
  *     /cdaq/physics/Run2017/2e34/v3.2.2/HLT/V6           *
  *     /cdaq/physics/Run2017/2e34/v4.1.0/HLT/V3           *
  *     /cdaq/physics/Run2017/2e34/v4.2.1/HLT/V2           *
  *                                                        *
  *   [1m101X_dataRun2_HLT_v7                                 [0m*
  *     /cdaq/physics/Run2018/2e34/v1.2.2/HLT/V3           *
  *     /cdaq/physics/Run2018/2e34/v2.0.2/HLT/V2           *
  *     /cdaq/physics/Run2018/2e34/v2.0.3/HLT/V1           *
  *     /cdaq/physics/Run2018/2e34/v2.1.5/HLT/V5           *
  *     /cdaq/physics/Run2018/2e34/v2.1.7/HLT/V3           *
  *     /cdaq/physics/Run2018/2e34/v2.2.0/HLT/V1           *
  *     /cdaq/physics/Run2018/2e34/v2.2.0/HLT/V2           *
  *     /cdaq/physics/Run2018/2e34/v2.2.3/HLT/V2           *
  *     /cdaq/physics/Run2018/2e34/v3.3.0/HLT/V9           *
  *                                                        *
  **********************************************************

  **** Summary of filters per trigger in '[1m80X_mcRun2_asymptotic_2016_TrancheIV_v6[0m' ***********
  *                                                                                          *
  *   HLT_Ele105_CaloIdVT_GsfTrkIdT                                                          *
  *     -> hltEle105CaloIdVTGsfTrkIdTGsfDetaFilter (F)                                       *
  *     -> hltEle105CaloIdVTGsfTrkIdTGsfDphiFilter (F)                                       *
  *     hltEle105CaloIdVTGsfTrkIdTGsfDphiFilter                                              *
  *                                                                                          *
  *   HLT_Ele115_CaloIdVT_GsfTrkIdT                                                          *
  *     -> hltEle115CaloIdVTGsfTrkIdTGsfDetaFilter (F)                                       *
  *     -> hltEle115CaloIdVTGsfTrkIdTGsfDphiFilter (F)                                       *
  *     hltEle115CaloIdVTGsfTrkIdTGsfDphiFilter                                              *
  *                                                                                          *
  *   HLT_Ele250_CaloIdVT_GsfTrkIdT                                                          *
  *     -> hltEle250CaloIdVTGsfTrkIdTGsfDetaFilter (F)                                       *
  *     -> hltEle250CaloIdVTGsfTrkIdTGsfDphiFilter (F)                                       *
  *     hltEle250CaloIdVTGsfTrkIdTGsfDphiFilter                                              *
  *                                                                                          *
  *   HLT_Ele300_CaloIdVT_GsfTrkIdT                                                          *
  *     -> hltEle300CaloIdVTGsfTrkIdTGsfDetaFilter (F)                                       *
  *     -> hltEle300CaloIdVTGsfTrkIdTGsfDphiFilter (F)                                       *
  *     hltEle300CaloIdVTGsfTrkIdTGsfDphiFilter                                              *
  *                                                                                          *
  *   HLT_Ele35_CaloIdVT_GsfTrkIdT_PFJet150_PFJet50                                          *
  *     -> hltEle35CaloIdVTGsfTrkIdTGsfDetaFilter (F)                                        *
  *     -> hltEle35CaloIdVTGsfTrkIdTGsfDphiFilter (F)                                        *
  *     hltEle35CaloIdVTGsfTrkIdTCentralPFJet150EleCleaned                                   *
  *                                                                                          *
  *   HLT_Ele45_CaloIdVT_GsfTrkIdT_PFJet200_PFJet50                                          *
  *     -> hltEle45CaloIdVTGsfTrkIdTGsfDetaFilter (F)                                        *
  *     -> hltEle45CaloIdVTGsfTrkIdTGsfDphiFilter (F)                                        *
  *     hltEle45CaloIdVTGsfTrkIdTCentralPFJet200EleCleaned                                   *
  *                                                                                          *
  *   HLT_Ele50_CaloIdVT_GsfTrkIdT_PFJet140                                                  *
  *     -> hltEle50CaloIdVTGsfTrkIdTGsfDetaFilter (F)                                        *
  *     -> hltEle50CaloIdVTGsfTrkIdTGsfDphiFilter (F)                                        *
  *     hltEle50CaloIdVTGsfTrkIdTCentralPFJet140EleCleaned                                   *
  *                                                                                          *
  *   HLT_Ele50_CaloIdVT_GsfTrkIdT_PFJet165                                                  *
  *     -> hltEle50CaloIdVTGsfTrkIdTGsfDetaFilter (F)                                        *
  *     -> hltEle50CaloIdVTGsfTrkIdTGsfDphiFilter (F)                                        *
  *     hltEle50CaloIdVTGsfTrkIdTCentralPFJet165EleCleaned                                   *
  *                                                                                          *
  ********************************************************************************************

  **** Summary of filters per trigger in '[1m94X_mc2017_realistic_v10[0m' **************************
  *                                                                                          *
  *   HLT_Ele115_CaloIdVT_GsfTrkIdT                                                          *
  *     -> hltEle115CaloIdVTGsfTrkIdTGsfDetaFilter (F)                                       *
  *     -> hltEle115CaloIdVTGsfTrkIdTGsfDphiFilter (F)                                       *
  *     hltEle115CaloIdVTGsfTrkIdTGsfDphiFilter                                              *
  *                                                                                          *
  *   HLT_Ele135_CaloIdVT_GsfTrkIdT                                                          *
  *     -> hltEle135CaloIdVTGsfTrkIdTGsfDetaFilter (F)                                       *
  *     -> hltEle135CaloIdVTGsfTrkIdTGsfDphiFilter (F)                                       *
  *     hltEle135CaloIdVTGsfTrkIdTGsfDphiFilter                                              *
  *                                                                                          *
  *   HLT_Ele145_CaloIdVT_GsfTrkIdT                                                          *
  *     -> hltEle145CaloIdVTGsfTrkIdTGsfDetaFilter (F)                                       *
  *     -> hltEle145CaloIdVTGsfTrkIdTGsfDphiFilter (F)                                       *
  *     hltEle145CaloIdVTGsfTrkIdTGsfDphiFilter                                              *
  *                                                                                          *
  *   HLT_Ele200_CaloIdVT_GsfTrkIdT                                                          *
  *     -> hltEle200CaloIdVTGsfTrkIdTGsfDetaFilter (F)                                       *
  *     -> hltEle200CaloIdVTGsfTrkIdTGsfDphiFilter (F)                                       *
  *     hltEle200CaloIdVTGsfTrkIdTGsfDphiFilter                                              *
  *                                                                                          *
  *   HLT_Ele250_CaloIdVT_GsfTrkIdT                                                          *
  *     -> hltEle250CaloIdVTGsfTrkIdTGsfDetaFilter (F)                                       *
  *     -> hltEle250CaloIdVTGsfTrkIdTGsfDphiFilter (F)                                       *
  *     hltEle250CaloIdVTGsfTrkIdTGsfDphiFilter                                              *
  *                                                                                          *
  *   HLT_Ele300_CaloIdVT_GsfTrkIdT                                                          *
  *     -> hltEle300CaloIdVTGsfTrkIdTGsfDetaFilter (F)                                       *
  *     -> hltEle300CaloIdVTGsfTrkIdTGsfDphiFilter (F)                                       *
  *     hltEle300CaloIdVTGsfTrkIdTGsfDphiFilter                                              *
  *                                                                                          *
  *   HLT_Ele50_CaloIdVT_GsfTrkIdT_PFJet165                                                  *
  *     -> hltEle50CaloIdVTGsfTrkIdTGsfDetaFilter (F)                                        *
  *     -> hltEle50CaloIdVTGsfTrkIdTGsfDphiFilter (F)                                        *
  *     hltEle50CaloIdVTGsfTrkIdTCentralPFJet165EleCleaned                                   *
  *                                                                                          *
  ********************************************************************************************

  **** Summary of filters per trigger in '[1m102X_upgrade2018_realistic_v15[0m' ********************
  *                                                                                          *
  *   HLT_Ele115_CaloIdVT_GsfTrkIdT                                                          *
  *     -> hltEle115CaloIdVTGsfTrkIdTGsfDetaFilter (F)                                       *
  *     -> hltEle115CaloIdVTGsfTrkIdTGsfDphiFilter (F)                                       *
  *     hltEle115CaloIdVTGsfTrkIdTGsfDphiFilter                                              *
  *                                                                                          *
  *   HLT_Ele135_CaloIdVT_GsfTrkIdT                                                          *
  *     -> hltEle135CaloIdVTGsfTrkIdTGsfDetaFilter (F)                                       *
  *     -> hltEle135CaloIdVTGsfTrkIdTGsfDphiFilter (F)                                       *
  *     hltEle135CaloIdVTGsfTrkIdTGsfDphiFilter                                              *
  *                                                                                          *
  *   HLT_Ele145_CaloIdVT_GsfTrkIdT                                                          *
  *     -> hltEle145CaloIdVTGsfTrkIdTGsfDetaFilter (F)                                       *
  *     -> hltEle145CaloIdVTGsfTrkIdTGsfDphiFilter (F)                                       *
  *     hltEle145CaloIdVTGsfTrkIdTGsfDphiFilter                                              *
  *                                                                                          *
  *   HLT_Ele200_CaloIdVT_GsfTrkIdT                                                          *
  *     -> hltEle200CaloIdVTGsfTrkIdTGsfDetaFilter (F)                                       *
  *     -> hltEle200CaloIdVTGsfTrkIdTGsfDphiFilter (F)                                       *
  *     hltEle200CaloIdVTGsfTrkIdTGsfDphiFilter                                              *
  *                                                                                          *
  *   HLT_Ele250_CaloIdVT_GsfTrkIdT                                                          *
  *     -> hltEle250CaloIdVTGsfTrkIdTGsfDetaFilter (F)                                       *
  *     -> hltEle250CaloIdVTGsfTrkIdTGsfDphiFilter (F)                                       *
  *     hltEle250CaloIdVTGsfTrkIdTGsfDphiFilter                                              *
  *                                                                                          *
  *   HLT_Ele300_CaloIdVT_GsfTrkIdT                                                          *
  *     -> hltEle300CaloIdVTGsfTrkIdTGsfDetaFilter (F)                                       *
  *     -> hltEle300CaloIdVTGsfTrkIdTGsfDphiFilter (F)                                       *
  *     hltEle300CaloIdVTGsfTrkIdTGsfDphiFilter                                              *
  *                                                                                          *
  *   HLT_Ele50_CaloIdVT_GsfTrkIdT_PFJet165                                                  *
  *     -> hltEle50CaloIdVTGsfTrkIdTGsfDetaFilter (F)                                        *
  *     -> hltEle50CaloIdVTGsfTrkIdTGsfDphiFilter (F)                                        *
  *     hltEle50CaloIdVTGsfTrkIdTCentralPFJet165EleCleaned                                   *
  *                                                                                          *
  ********************************************************************************************

  **** Summary of filters per trigger in '[1m80X_dataRun2_HLT_v12[0m' ******************************
  *                                                                                          *
  *   HLT_Ele105_CaloIdVT_GsfTrkIdT                                                          *
  *     -> hltEle105CaloIdVTGsfTrkIdTGsfDetaFilter (F)                                       *
  *     -> hltEle105CaloIdVTGsfTrkIdTGsfDphiFilter (F)                                       *
  *     hltEle105CaloIdVTGsfTrkIdTGsfDphiFilter                                              *
  *                                                                                          *
  *   HLT_Ele115_CaloIdVT_GsfTrkIdT                                                          *
  *     -> hltEle115CaloIdVTGsfTrkIdTGsfDetaFilter (F)                                       *
  *     -> hltEle115CaloIdVTGsfTrkIdTGsfDphiFilter (F)                                       *
  *     hltEle115CaloIdVTGsfTrkIdTGsfDphiFilter                                              *
  *                                                                                          *
  *   HLT_Ele145_CaloIdVT_GsfTrkIdT                                                          *
  *     -> hltEle145CaloIdVTGsfTrkIdTGsfDetaFilter (F)                                       *
  *     -> hltEle145CaloIdVTGsfTrkIdTGsfDphiFilter (F)                                       *
  *     hltEle145CaloIdVTGsfTrkIdTGsfDphiFilter                                              *
  *                                                                                          *
  *   HLT_Ele200_CaloIdVT_GsfTrkIdT                                                          *
  *     -> hltEle200CaloIdVTGsfTrkIdTGsfDetaFilter (F)                                       *
  *     -> hltEle200CaloIdVTGsfTrkIdTGsfDphiFilter (F)                                       *
  *     hltEle200CaloIdVTGsfTrkIdTGsfDphiFilter                                              *
  *                                                                                          *
  *   HLT_Ele250_CaloIdVT_GsfTrkIdT                                                          *
  *     -> hltEle250CaloIdVTGsfTrkIdTGsfDetaFilter (F)                                       *
  *     -> hltEle250CaloIdVTGsfTrkIdTGsfDphiFilter (F)                                       *
  *     hltEle250CaloIdVTGsfTrkIdTGsfDphiFilter                                              *
  *                                                                                          *
  *   HLT_Ele300_CaloIdVT_GsfTrkIdT                                                          *
  *     -> hltEle300CaloIdVTGsfTrkIdTGsfDetaFilter (F)                                       *
  *     -> hltEle300CaloIdVTGsfTrkIdTGsfDphiFilter (F)                                       *
  *     hltEle300CaloIdVTGsfTrkIdTGsfDphiFilter                                              *
  *                                                                                          *
  *   HLT_Ele45_CaloIdVT_GsfTrkIdT_PFJet200_PFJet50                                          *
  *     -> hltEle45CaloIdVTGsfTrkIdTGsfDetaFilter (F)                                        *
  *     -> hltEle45CaloIdVTGsfTrkIdTGsfDphiFilter (F)                                        *
  *     hltEle45CaloIdVTGsfTrkIdTCentralPFJet200EleCleaned                                   *
  *                                                                                          *
  *   HLT_Ele50_CaloIdVT_GsfTrkIdT_PFJet165                                                  *
  *     -> hltEle50CaloIdVTGsfTrkIdTGsfDetaFilter (F)                                        *
  *     -> hltEle50CaloIdVTGsfTrkIdTGsfDphiFilter (F)                                        *
  *     hltEle50CaloIdVTGsfTrkIdTCentralPFJet165EleCleaned                                   *
  *                                                                                          *
  ********************************************************************************************

  **** Summary of filters per trigger in '[1m92X_dataRun2_HLT_v4[0m' *******************************
  *                                                                                          *
  *   HLT_Ele115_CaloIdVT_GsfTrkIdT                                                          *
  *     -> hltEle115CaloIdVTGsfTrkIdTGsfDetaFilter (F)                                       *
  *     -> hltEle115CaloIdVTGsfTrkIdTGsfDphiFilter (F)                                       *
  *     hltEle115CaloIdVTGsfTrkIdTGsfDphiFilter                                              *
  *                                                                                          *
  *   HLT_Ele135_CaloIdVT_GsfTrkIdT                                                          *
  *     -> hltEle135CaloIdVTGsfTrkIdTGsfDetaFilter (F)                                       *
  *     -> hltEle135CaloIdVTGsfTrkIdTGsfDphiFilter (F)                                       *
  *     hltEle135CaloIdVTGsfTrkIdTGsfDphiFilter                                              *
  *                                                                                          *
  *   HLT_Ele145_CaloIdVT_GsfTrkIdT                                                          *
  *     -> hltEle145CaloIdVTGsfTrkIdTGsfDetaFilter (F)                                       *
  *     -> hltEle145CaloIdVTGsfTrkIdTGsfDphiFilter (F)                                       *
  *     hltEle145CaloIdVTGsfTrkIdTGsfDphiFilter                                              *
  *                                                                                          *
  *   HLT_Ele200_CaloIdVT_GsfTrkIdT                                                          *
  *     -> hltEle200CaloIdVTGsfTrkIdTGsfDetaFilter (F)                                       *
  *     -> hltEle200CaloIdVTGsfTrkIdTGsfDphiFilter (F)                                       *
  *     hltEle200CaloIdVTGsfTrkIdTGsfDphiFilter                                              *
  *                                                                                          *
  *   HLT_Ele250_CaloIdVT_GsfTrkIdT                                                          *
  *     -> hltEle250CaloIdVTGsfTrkIdTGsfDetaFilter (F)                                       *
  *     -> hltEle250CaloIdVTGsfTrkIdTGsfDphiFilter (F)                                       *
  *     hltEle250CaloIdVTGsfTrkIdTGsfDphiFilter                                              *
  *                                                                                          *
  *   HLT_Ele300_CaloIdVT_GsfTrkIdT                                                          *
  *     -> hltEle300CaloIdVTGsfTrkIdTGsfDetaFilter (F)                                       *
  *     -> hltEle300CaloIdVTGsfTrkIdTGsfDphiFilter (F)                                       *
  *     hltEle300CaloIdVTGsfTrkIdTGsfDphiFilter                                              *
  *                                                                                          *
  *   HLT_Ele50_CaloIdVT_GsfTrkIdT_PFJet165                                                  *
  *     -> hltEle50CaloIdVTGsfTrkIdTGsfDetaFilter (F)                                        *
  *     -> hltEle50CaloIdVTGsfTrkIdTGsfDphiFilter (F)                                        *
  *     hltEle50CaloIdVTGsfTrkIdTCentralPFJet165EleCleaned                                   *
  *                                                                                          *
  ********************************************************************************************

  **** Summary of filters per trigger in '[1m92X_dataRun2_HLT_v7[0m' *******************************
  *                                                                                          *
  *   HLT_Ele115_CaloIdVT_GsfTrkIdT                                                          *
  *     -> hltEle115CaloIdVTGsfTrkIdTGsfDetaFilter (F)                                       *
  *     -> hltEle115CaloIdVTGsfTrkIdTGsfDphiFilter (F)                                       *
  *     hltEle115CaloIdVTGsfTrkIdTGsfDphiFilter                                              *
  *                                                                                          *
  *   HLT_Ele135_CaloIdVT_GsfTrkIdT                                                          *
  *     -> hltEle135CaloIdVTGsfTrkIdTGsfDetaFilter (F)                                       *
  *     -> hltEle135CaloIdVTGsfTrkIdTGsfDphiFilter (F)                                       *
  *     hltEle135CaloIdVTGsfTrkIdTGsfDphiFilter                                              *
  *                                                                                          *
  *   HLT_Ele145_CaloIdVT_GsfTrkIdT                                                          *
  *     -> hltEle145CaloIdVTGsfTrkIdTGsfDetaFilter (F)                                       *
  *     -> hltEle145CaloIdVTGsfTrkIdTGsfDphiFilter (F)                                       *
  *     hltEle145CaloIdVTGsfTrkIdTGsfDphiFilter                                              *
  *                                                                                          *
  *   HLT_Ele200_CaloIdVT_GsfTrkIdT                                                          *
  *     -> hltEle200CaloIdVTGsfTrkIdTGsfDetaFilter (F)                                       *
  *     -> hltEle200CaloIdVTGsfTrkIdTGsfDphiFilter (F)                                       *
  *     hltEle200CaloIdVTGsfTrkIdTGsfDphiFilter                                              *
  *                                                                                          *
  *   HLT_Ele250_CaloIdVT_GsfTrkIdT                                                          *
  *     -> hltEle250CaloIdVTGsfTrkIdTGsfDetaFilter (F)                                       *
  *     -> hltEle250CaloIdVTGsfTrkIdTGsfDphiFilter (F)                                       *
  *     hltEle250CaloIdVTGsfTrkIdTGsfDphiFilter                                              *
  *                                                                                          *
  *   HLT_Ele300_CaloIdVT_GsfTrkIdT                                                          *
  *     -> hltEle300CaloIdVTGsfTrkIdTGsfDetaFilter (F)                                       *
  *     -> hltEle300CaloIdVTGsfTrkIdTGsfDphiFilter (F)                                       *
  *     hltEle300CaloIdVTGsfTrkIdTGsfDphiFilter                                              *
  *                                                                                          *
  *   HLT_Ele50_CaloIdVT_GsfTrkIdT_PFJet165                                                  *
  *     -> hltEle50CaloIdVTGsfTrkIdTGsfDetaFilter (F)                                        *
  *     -> hltEle50CaloIdVTGsfTrkIdTGsfDphiFilter (F)                                        *
  *     hltEle50CaloIdVTGsfTrkIdTCentralPFJet165EleCleaned                                   *
  *                                                                                          *
  ********************************************************************************************

  **** Summary of filters per trigger in '[1m101X_dataRun2_HLT_v7[0m' ******************************
  *                                                                                          *
  *   HLT_Ele115_CaloIdVT_GsfTrkIdT                                                          *
  *     -> hltEle115CaloIdVTGsfTrkIdTGsfDetaFilter (F)                                       *
  *     -> hltEle115CaloIdVTGsfTrkIdTGsfDphiFilter (F)                                       *
  *     hltEle115CaloIdVTGsfTrkIdTGsfDphiFilter                                              *
  *                                                                                          *
  *   HLT_Ele135_CaloIdVT_GsfTrkIdT                                                          *
  *     -> hltEle135CaloIdVTGsfTrkIdTGsfDetaFilter (F)                                       *
  *     -> hltEle135CaloIdVTGsfTrkIdTGsfDphiFilter (F)                                       *
  *     hltEle135CaloIdVTGsfTrkIdTGsfDphiFilter                                              *
  *                                                                                          *
  *   HLT_Ele145_CaloIdVT_GsfTrkIdT                                                          *
  *     -> hltEle145CaloIdVTGsfTrkIdTGsfDetaFilter (F)                                       *
  *     -> hltEle145CaloIdVTGsfTrkIdTGsfDphiFilter (F)                                       *
  *     hltEle145CaloIdVTGsfTrkIdTGsfDphiFilter                                              *
  *                                                                                          *
  *   HLT_Ele200_CaloIdVT_GsfTrkIdT                                                          *
  *     -> hltEle200CaloIdVTGsfTrkIdTGsfDetaFilter (F)                                       *
  *     -> hltEle200CaloIdVTGsfTrkIdTGsfDphiFilter (F)                                       *
  *     hltEle200CaloIdVTGsfTrkIdTGsfDphiFilter                                              *
  *                                                                                          *
  *   HLT_Ele250_CaloIdVT_GsfTrkIdT                                                          *
  *     -> hltEle250CaloIdVTGsfTrkIdTGsfDetaFilter (F)                                       *
  *     -> hltEle250CaloIdVTGsfTrkIdTGsfDphiFilter (F)                                       *
  *     hltEle250CaloIdVTGsfTrkIdTGsfDphiFilter                                              *
  *                                                                                          *
  *   HLT_Ele300_CaloIdVT_GsfTrkIdT                                                          *
  *     -> hltEle300CaloIdVTGsfTrkIdTGsfDetaFilter (F)                                       *
  *     -> hltEle300CaloIdVTGsfTrkIdTGsfDphiFilter (F)                                       *
  *     hltEle300CaloIdVTGsfTrkIdTGsfDphiFilter                                              *
  *                                                                                          *
  *   HLT_Ele50_CaloIdVT_GsfTrkIdT_PFJet165                                                  *
  *     -> hltEle50CaloIdVTGsfTrkIdTGsfDetaFilter (F)                                        *
  *     -> hltEle50CaloIdVTGsfTrkIdTGsfDphiFilter (F)                                        *
  *     hltEle50CaloIdVTGsfTrkIdTCentralPFJet165EleCleaned                                   *
  *                                                                                          *
  ********************************************************************************************

  **** Summary of filters per trigger in '[1mAll[0m' ***********************************************
  *                                                                                          *
  *   HLT_Ele105_CaloIdVT_GsfTrkIdT                                                          *
  *     -> hltEle105CaloIdVTGsfTrkIdTGsfDetaFilter (F)                                       *
  *     -> hltEle105CaloIdVTGsfTrkIdTGsfDphiFilter (F)                                       *
  *     hltEle105CaloIdVTGsfTrkIdTGsfDphiFilter                                              *
  *                                                                                          *
  *   HLT_Ele115_CaloIdVT_GsfTrkIdT                                                          *
  *     -> hltEle115CaloIdVTGsfTrkIdTGsfDetaFilter (F)                                       *
  *     -> hltEle115CaloIdVTGsfTrkIdTGsfDphiFilter (F)                                       *
  *     hltEle115CaloIdVTGsfTrkIdTGsfDphiFilter                                              *
  *                                                                                          *
  *   HLT_Ele135_CaloIdVT_GsfTrkIdT                                                          *
  *     -> hltEle135CaloIdVTGsfTrkIdTGsfDetaFilter (F)                                       *
  *     -> hltEle135CaloIdVTGsfTrkIdTGsfDphiFilter (F)                                       *
  *     hltEle135CaloIdVTGsfTrkIdTGsfDphiFilter                                              *
  *                                                                                          *
  *   HLT_Ele145_CaloIdVT_GsfTrkIdT                                                          *
  *     -> hltEle145CaloIdVTGsfTrkIdTGsfDetaFilter (F)                                       *
  *     -> hltEle145CaloIdVTGsfTrkIdTGsfDphiFilter (F)                                       *
  *     hltEle145CaloIdVTGsfTrkIdTGsfDphiFilter                                              *
  *                                                                                          *
  *   HLT_Ele200_CaloIdVT_GsfTrkIdT                                                          *
  *     -> hltEle200CaloIdVTGsfTrkIdTGsfDetaFilter (F)                                       *
  *     -> hltEle200CaloIdVTGsfTrkIdTGsfDphiFilter (F)                                       *
  *     hltEle200CaloIdVTGsfTrkIdTGsfDphiFilter                                              *
  *                                                                                          *
  *   HLT_Ele250_CaloIdVT_GsfTrkIdT                                                          *
  *     -> hltEle250CaloIdVTGsfTrkIdTGsfDetaFilter (F)                                       *
  *     -> hltEle250CaloIdVTGsfTrkIdTGsfDphiFilter (F)                                       *
  *     hltEle250CaloIdVTGsfTrkIdTGsfDphiFilter                                              *
  *                                                                                          *
  *   HLT_Ele300_CaloIdVT_GsfTrkIdT                                                          *
  *     -> hltEle300CaloIdVTGsfTrkIdTGsfDetaFilter (F)                                       *
  *     -> hltEle300CaloIdVTGsfTrkIdTGsfDphiFilter (F)                                       *
  *     hltEle300CaloIdVTGsfTrkIdTGsfDphiFilter                                              *
  *                                                                                          *
  *   HLT_Ele35_CaloIdVT_GsfTrkIdT_PFJet150_PFJet50                                          *
  *     -> hltEle35CaloIdVTGsfTrkIdTGsfDetaFilter (F)                                        *
  *     -> hltEle35CaloIdVTGsfTrkIdTGsfDphiFilter (F)                                        *
  *     hltEle35CaloIdVTGsfTrkIdTCentralPFJet150EleCleaned                                   *
  *                                                                                          *
  *   HLT_Ele45_CaloIdVT_GsfTrkIdT_PFJet200_PFJet50                                          *
  *     -> hltEle45CaloIdVTGsfTrkIdTGsfDetaFilter (F)                                        *
  *     -> hltEle45CaloIdVTGsfTrkIdTGsfDphiFilter (F)                                        *
  *     hltEle45CaloIdVTGsfTrkIdTCentralPFJet200EleCleaned                                   *
  *                                                                                          *
  *   HLT_Ele50_CaloIdVT_GsfTrkIdT_PFJet140                                                  *
  *     -> hltEle50CaloIdVTGsfTrkIdTGsfDetaFilter (F)                                        *
  *     -> hltEle50CaloIdVTGsfTrkIdTGsfDphiFilter (F)                                        *
  *     hltEle50CaloIdVTGsfTrkIdTCentralPFJet140EleCleaned                                   *
  *                                                                                          *
  *   HLT_Ele50_CaloIdVT_GsfTrkIdT_PFJet165                                                  *
  *     -> hltEle50CaloIdVTGsfTrkIdTGsfDetaFilter (F)                                        *
  *     -> hltEle50CaloIdVTGsfTrkIdTGsfDphiFilter (F)                                        *
  *     hltEle50CaloIdVTGsfTrkIdTCentralPFJet165EleCleaned                                   *
  *                                                                                          *
  ********************************************************************************************
