>>> --------------- checkTriggers_cfg.py ------------------------------------
>>> year     = -1
>>> dtype    = ''
>>> verbose  = False
>>> nlast    = 1
>>> triggers = ['HLT_Ele24_eta2p1_WPLoose_Gsf_LooseIsoPFTau20_SingleL1', 'HLT_Ele24_eta2p1_WPLoose_Gsf_LooseIsoPFTau20', 'HLT_Ele24_eta2p1_WPLoose_Gsf_LooseIsoPFTau30', 'HLT_IsoMu19_eta2p1_LooseIsoPFTau20_SingleL1', 'HLT_IsoMu19_eta2p1_LooseIsoPFTau20', 'HLT_DoubleMediumIsoPFTau35_Trk1_eta2p1_Reg', 'HLT_DoubleMediumCombinedIsoPFTau35_Trk1_eta2p1_Reg', 'HLT_Ele24_eta2p1_WPTight_Gsf_LooseChargedIsoPFTau30_eta2p1_CrossL1', 'HLT_IsoMu20_eta2p1_LooseChargedIsoPFTau27_eta2p1_CrossL1', 'HLT_DoubleTightChargedIsoPFTau35_Trk1_TightID_eta2p1_Reg', 'HLT_DoubleTightChargedIsoPFTau40_Trk1_eta2p1_Reg', 'HLT_DoubleMediumChargedIsoPFTau40_Trk1_TightID_eta2p1_Reg', 'HLT_Ele24_eta2p1_WPTight_Gsf_LooseChargedIsoPFTau30_eta2p1_CrossL1', 'HLT_Ele24_eta2p1_WPTight_Gsf_LooseChargedIsoPFTauHPS30_eta2p1_CrossL1', 'HLT_IsoMu20_eta2p1_LooseChargedIsoPFTau27_eta2p1_CrossL1', 'HLT_IsoMu20_eta2p1_LooseChargedIsoPFTauHPS27_eta2p1_CrossL1', 'HLT_DoubleMediumChargedIsoPFTau40_Trk1_TightID_eta2p1_Reg', 'HLT_DoubleTightChargedIsoPFTau40_Trk1_eta2p1_Reg', 'HLT_DoubleTightChargedIsoPFTau35_Trk1_TightID_eta2p1_Reg', 'HLT_DoubleMediumChargedIsoPFTauHPS35_Trk1_eta2p1_Reg']
>>> filters  = ['hltEgammaCandidates', '*PixelMatchFilter', 'hltEle*CaloIdVTGsfTrkIdTGsf*Filter', '*RelTrkIso*Filtered0p4', 'hltL3cr*IsoFiltered0p09', 'hltL3f*IsoFiltered0p09', 'hlt*L3MuonCandidates', 'hltHighPtTkMuonCands', 'hlt*TkMuonCands', 'hlt*TrkMuonCands']
>>> files    = [
>>>   'file:root://xrootd-cms.infn.it//store/mc/RunIISummer16MiniAODv3/DYJetsToLL_M-50_TuneCUETP8M1_13TeV-madgraphMLM-pythia8/MINIAODSIM/PUMoriond17_94X_mcRun2_asymptotic_v3_ext1-v2/120000/ACDA5D95-3EDF-E811-AC6F-842B2B6AEE8B.root',
>>>   'file:root://xrootd-cms.infn.it//store/mc/RunIIFall17MiniAODv2/DYJetsToLL_M-50_TuneCP5_13TeV-madgraphMLM-pythia8/MINIAODSIM/PU2017RECOSIMstep_12Apr2018_94X_mc2017_realistic_v14-v1/70000/0256D125-5A44-E811-8C69-44A842CFD64D.root',
>>>   'file:root://xrootd-cms.infn.it//store/mc/RunIIAutumn18MiniAOD/DYJetsToLL_M-50_TuneCP5_13TeV-madgraphMLM-pythia8/MINIAODSIM/102X_upgrade2018_realistic_v15-v1/100000/08540B6C-AA39-3F49-8FFE-8771AD2A8885.root',
>>>   'file:root://xrootd-cms.infn.it//store/data/Run2016B/Tau/MINIAOD/17Jul2018_ver2-v1/40000/349B0F86-F78B-E811-8D9E-7CD30AD0A75C.root',
>>>   'file:root://xrootd-cms.infn.it//store/data/Run2016C/Tau/MINIAOD/17Jul2018-v1/40000/52BAEB0A-478A-E811-8376-0CC47A4D764C.root',
>>>   'file:root://xrootd-cms.infn.it//store/data/Run2016D/Tau/MINIAOD/17Jul2018-v1/40000/46AA66A9-708B-E811-9182-AC1F6B23C830.root',
>>>   'file:root://xrootd-cms.infn.it//store/data/Run2016E/Tau/MINIAOD/17Jul2018-v1/00000/863BF917-368A-E811-9D0F-0242AC1C0503.root',
>>>   'file:root://xrootd-cms.infn.it//store/data/Run2016F/Tau/MINIAOD/17Jul2018-v1/40000/BCBF3F41-988A-E811-A6B4-008CFAFBFC72.root',
>>>   'file:root://xrootd-cms.infn.it//store/data/Run2016G/Tau/MINIAOD/17Jul2018-v1/20000/807650BA-C98B-E811-8B69-008CFA0A55E8.root',
>>>   'file:root://xrootd-cms.infn.it//store/data/Run2016H/Tau/MINIAOD/17Jul2018-v1/80000/78EDACAC-8C8D-E811-8BF8-008CFA111354.root',
>>>   'file:root://xrootd-cms.infn.it//store/data/Run2017B/Tau/MINIAOD/31Mar2018-v1/90000/602B3645-3237-E811-B67B-A4BF0112BE4C.root',
>>>   'file:root://xrootd-cms.infn.it//store/data/Run2017C/Tau/MINIAOD/31Mar2018-v1/00000/F057F44E-C637-E811-94D6-D4AE527EEA1D.root',
>>>   'file:root://xrootd-cms.infn.it//store/data/Run2017D/Tau/MINIAOD/31Mar2018-v1/00000/6695F96F-E836-E811-BB64-008CFAF554C8.root',
>>>   'file:root://xrootd-cms.infn.it//store/data/Run2017E/Tau/MINIAOD/31Mar2018-v1/90000/4075D591-6C37-E811-BED9-B4E10FA31F63.root',
>>>   'file:root://xrootd-cms.infn.it//store/data/Run2017F/Tau/MINIAOD/31Mar2018-v1/30000/E45B7EAA-BB37-E811-9BD6-1866DAEA79C8.root',
>>>   'file:root://xrootd-cms.infn.it//store/data/Run2018A/Tau/MINIAOD/17Sep2018-v1/270000/72909117-1CB7-A745-99E4-34F7728F0DC1.root',
>>>   'file:root://xrootd-cms.infn.it//store/data/Run2018B/Tau/MINIAOD/17Sep2018-v1/100000/FB06FB19-4CC9-5F47-AEE2-D69D3089BA91.root',
>>>   'file:root://xrootd-cms.infn.it//store/data/Run2018C/Tau/MINIAOD/17Sep2018-v1/120000/B21AD337-DD07-0943-9683-93FC5C1215DB.root',
>>>   'file:root://xrootd-cms.infn.it//store/data/Run2018D/Tau/MINIAOD/PromptReco-v2/000/320/654/00000/FE8DA6C7-9896-E811-8CD8-FA163EA5E58D.root'
>>> ]
>>> ----------------------------------------------------------------------
27-Nov-2019 00:03:05 CET  Initiating request to open file file:root://xrootd-cms.infn.it//store/mc/RunIISummer16MiniAODv3/DYJetsToLL_M-50_TuneCUETP8M1_13TeV-madgraphMLM-pythia8/MINIAODSIM/PUMoriond17_94X_mcRun2_asymptotic_v3_ext1-v2/120000/ACDA5D95-3EDF-E811-AC6F-842B2B6AEE8B.root
%MSG-w XrdAdaptor:  file_open 27-Nov-2019 00:03:07 CET pre-events
Data is served from ciemat.es instead of original site T2_FR_GRIF_LLR
%MSG
27-Nov-2019 00:03:08 CET  Successfully opened file file:root://xrootd-cms.infn.it//store/mc/RunIISummer16MiniAODv3/DYJetsToLL_M-50_TuneCUETP8M1_13TeV-madgraphMLM-pythia8/MINIAODSIM/PUMoriond17_94X_mcRun2_asymptotic_v3_ext1-v2/120000/ACDA5D95-3EDF-E811-AC6F-842B2B6AEE8B.root
>>> HLT config extraction succeeded with process name 'HLT'
>>>   HLT menu name: '/frozen/2016/25ns15e33/v4.0/HLT/V2'
>>>   Global tag:    '80X_mcRun2_asymptotic_2016_TrancheIV_v6'
27-Nov-2019 00:03:19 CET  Closed file file:root://xrootd-cms.infn.it//store/mc/RunIISummer16MiniAODv3/DYJetsToLL_M-50_TuneCUETP8M1_13TeV-madgraphMLM-pythia8/MINIAODSIM/PUMoriond17_94X_mcRun2_asymptotic_v3_ext1-v2/120000/ACDA5D95-3EDF-E811-AC6F-842B2B6AEE8B.root
27-Nov-2019 00:03:19 CET  Initiating request to open file file:root://xrootd-cms.infn.it//store/mc/RunIIFall17MiniAODv2/DYJetsToLL_M-50_TuneCP5_13TeV-madgraphMLM-pythia8/MINIAODSIM/PU2017RECOSIMstep_12Apr2018_94X_mc2017_realistic_v14-v1/70000/0256D125-5A44-E811-8C69-44A842CFD64D.root
%MSG-w XrdAdaptor:  file_open 27-Nov-2019 00:03:21 CET PostStreamBeginLumi
Data is served from TR-03-METU instead of original site T2_FR_GRIF_LLR
%MSG
27-Nov-2019 00:03:22 CET  Successfully opened file file:root://xrootd-cms.infn.it//store/mc/RunIIFall17MiniAODv2/DYJetsToLL_M-50_TuneCP5_13TeV-madgraphMLM-pythia8/MINIAODSIM/PU2017RECOSIMstep_12Apr2018_94X_mc2017_realistic_v14-v1/70000/0256D125-5A44-E811-8C69-44A842CFD64D.root
>>> HLT config extraction succeeded with process name 'HLT'
>>>   HLT menu name: '/frozen/2017/2e34/v4.0/HLT/V5'
>>>   Global tag:    '94X_mc2017_realistic_v10'
[2019-11-27 00:03:26.262347 +0100][Error  ][AsyncSock         ] [xrootd-cms.infn.it:1213 #0.0] Socket error while handshaking: [ERROR] Socket error: Connection reset by peer
[2019-11-27 00:03:26.262533 +0100][Error  ][PostMaster        ] [xrootd-cms.infn.it:1213 #0] elapsed = 0, pConnectionWindow = 31 seconds.
[2019-11-27 00:03:26.289055 +0100][Error  ][AsyncSock         ] [xrootd-cms.infn.it:1213 #0.0] Socket error while handshaking: [ERROR] Socket error: Connection reset by peer
[2019-11-27 00:03:26.289113 +0100][Error  ][PostMaster        ] [xrootd-cms.infn.it:1213 #0] elapsed = 0, pConnectionWindow = 31 seconds.
27-Nov-2019 00:03:26 CET  Closed file file:root://xrootd-cms.infn.it//store/mc/RunIIFall17MiniAODv2/DYJetsToLL_M-50_TuneCP5_13TeV-madgraphMLM-pythia8/MINIAODSIM/PU2017RECOSIMstep_12Apr2018_94X_mc2017_realistic_v14-v1/70000/0256D125-5A44-E811-8C69-44A842CFD64D.root
27-Nov-2019 00:03:26 CET  Initiating request to open file file:root://xrootd-cms.infn.it//store/mc/RunIIAutumn18MiniAOD/DYJetsToLL_M-50_TuneCP5_13TeV-madgraphMLM-pythia8/MINIAODSIM/102X_upgrade2018_realistic_v15-v1/100000/08540B6C-AA39-3F49-8FFE-8771AD2A8885.root
[2019-11-27 00:03:26.336173 +0100][Error  ][AsyncSock         ] [xrootd-cms.infn.it:1213 #0.0] Socket error while handshaking: [ERROR] Socket error: Connection reset by peer
[2019-11-27 00:03:26.336218 +0100][Error  ][PostMaster        ] [xrootd-cms.infn.it:1213 #0] elapsed = 0, pConnectionWindow = 31 seconds.
%MSG-w XrdAdaptor:  file_open 27-Nov-2019 00:03:28 CET PostStreamBeginLumi
Data is served from desy.de instead of original site T2_FR_GRIF_LLR
%MSG
27-Nov-2019 00:03:29 CET  Successfully opened file file:root://xrootd-cms.infn.it//store/mc/RunIIAutumn18MiniAOD/DYJetsToLL_M-50_TuneCP5_13TeV-madgraphMLM-pythia8/MINIAODSIM/102X_upgrade2018_realistic_v15-v1/100000/08540B6C-AA39-3F49-8FFE-8771AD2A8885.root
>>> HLT config extraction succeeded with process name 'HLT'
>>>   HLT menu name: '/frozen/2018/2e34/v3.2/HLT/V1'
>>>   Global tag:    '102X_upgrade2018_realistic_v15'
27-Nov-2019 00:03:31 CET  Closed file file:root://xrootd-cms.infn.it//store/mc/RunIIAutumn18MiniAOD/DYJetsToLL_M-50_TuneCP5_13TeV-madgraphMLM-pythia8/MINIAODSIM/102X_upgrade2018_realistic_v15-v1/100000/08540B6C-AA39-3F49-8FFE-8771AD2A8885.root
27-Nov-2019 00:03:31 CET  Initiating request to open file file:root://xrootd-cms.infn.it//store/data/Run2016B/Tau/MINIAOD/17Jul2018_ver2-v1/40000/349B0F86-F78B-E811-8D9E-7CD30AD0A75C.root
%MSG-w XrdAdaptor:  file_open 27-Nov-2019 00:03:36 CET PostStreamBeginLumi
Data is served from T2_KR_KISTI instead of original site T2_FR_GRIF_LLR
%MSG
27-Nov-2019 00:03:38 CET  Successfully opened file file:root://xrootd-cms.infn.it//store/data/Run2016B/Tau/MINIAOD/17Jul2018_ver2-v1/40000/349B0F86-F78B-E811-8D9E-7CD30AD0A75C.root
>>> HLT config extraction succeeded with process name 'HLT'
>>>   HLT menu name: '/cdaq/physics/Run2016/25ns10e33/v1.2.1/HLT/V4'
>>>   Global tag:    '80X_dataRun2_HLT_v12'
>>> HLT config extraction succeeded with process name 'HLT'
>>>   HLT menu name: '/cdaq/physics/Run2016/25ns10e33/v1.2.3/HLT/V6'
>>>   Global tag:    '80X_dataRun2_HLT_v12'
>>>   Trigger menu did not change. Skipping...
>>> HLT config extraction succeeded with process name 'HLT'
>>>   HLT menu name: '/cdaq/physics/Run2016/25ns10e33/v1.2.4/HLT/V1'
>>>   Global tag:    '80X_dataRun2_HLT_v12'
>>> HLT config extraction succeeded with process name 'HLT'
>>>   HLT menu name: '/cdaq/physics/Run2016/25ns10e33/v1.2.5/HLT/V3'
>>>   Global tag:    '80X_dataRun2_HLT_v12'
>>> HLT config extraction succeeded with process name 'HLT'
>>>   HLT menu name: '/cdaq/physics/Run2016/25ns10e33/v1.2.5/HLT/V6'
>>>   Global tag:    '80X_dataRun2_HLT_v12'
>>> HLT config extraction succeeded with process name 'HLT'
>>>   HLT menu name: '/cdaq/physics/Run2016/25ns10e33/v1.2.5/HLT/V9'
>>>   Global tag:    '80X_dataRun2_HLT_v12'
>>>   Trigger menu did not change. Skipping...
>>>   Trigger menu did not change. Skipping...
>>>   Trigger menu did not change. Skipping...
27-Nov-2019 00:03:52 CET  Closed file file:root://xrootd-cms.infn.it//store/data/Run2016B/Tau/MINIAOD/17Jul2018_ver2-v1/40000/349B0F86-F78B-E811-8D9E-7CD30AD0A75C.root
27-Nov-2019 00:03:52 CET  Initiating request to open file file:root://xrootd-cms.infn.it//store/data/Run2016C/Tau/MINIAOD/17Jul2018-v1/40000/52BAEB0A-478A-E811-8376-0CC47A4D764C.root
[2019-11-27 00:04:00.950442 +0100][Warning][XRootDTransport   ] [131.225.188.13:21496 #0.0] Logged in, accepting empty login response.
%MSG-w XrdAdaptor:  file_open 27-Nov-2019 00:04:01 CET PostStreamBeginLumi
Data is served from fnal.gov instead of original site T2_FR_GRIF_LLR
%MSG
27-Nov-2019 00:04:01 CET  Successfully opened file file:root://xrootd-cms.infn.it//store/data/Run2016C/Tau/MINIAOD/17Jul2018-v1/40000/52BAEB0A-478A-E811-8376-0CC47A4D764C.root
>>> HLT config extraction succeeded with process name 'HLT'
>>>   HLT menu name: '/cdaq/physics/Run2016/25ns10e33/v2.1.4/HLT/V1'
>>>   Global tag:    '80X_dataRun2_HLT_v12'
>>>   Trigger menu did not change. Skipping...
>>> HLT config extraction succeeded with process name 'HLT'
>>>   HLT menu name: '/cdaq/physics/Run2016/25ns10e33/v2.1.4/HLT/V2'
>>>   Global tag:    '80X_dataRun2_HLT_v12'
>>>   Trigger menu did not change. Skipping...
>>>   Trigger menu did not change. Skipping...
>>>   Trigger menu did not change. Skipping...
27-Nov-2019 00:04:10 CET  Closed file file:root://xrootd-cms.infn.it//store/data/Run2016C/Tau/MINIAOD/17Jul2018-v1/40000/52BAEB0A-478A-E811-8376-0CC47A4D764C.root
27-Nov-2019 00:04:10 CET  Initiating request to open file file:root://xrootd-cms.infn.it//store/data/Run2016D/Tau/MINIAOD/17Jul2018-v1/40000/46AA66A9-708B-E811-9182-AC1F6B23C830.root
[2019-11-27 00:04:11.415004 +0100][Error  ][AsyncSock         ] [xrootd-cms.infn.it:1213 #0.0] Socket error while handshaking: [ERROR] Socket timeout
[2019-11-27 00:04:11.415065 +0100][Error  ][PostMaster        ] [xrootd-cms.infn.it:1213 #0] elapsed = 45, pConnectionWindow = 31 seconds.
[2019-11-27 00:04:11.454078 +0100][Error  ][AsyncSock         ] [xrootd-cms.infn.it:1213 #0.0] Socket error while handshaking: [ERROR] Socket error: Connection reset by peer
[2019-11-27 00:04:11.454132 +0100][Error  ][PostMaster        ] [xrootd-cms.infn.it:1213 #0] elapsed = 0, pConnectionWindow = 31 seconds.
%MSG-w XrdAdaptor:  file_open 27-Nov-2019 00:04:25 CET PostStreamBeginLumi
Data is served from physik.rwth-aachen.de instead of original site T2_FR_GRIF_LLR
%MSG
27-Nov-2019 00:04:25 CET  Successfully opened file file:root://xrootd-cms.infn.it//store/data/Run2016D/Tau/MINIAOD/17Jul2018-v1/40000/46AA66A9-708B-E811-9182-AC1F6B23C830.root
>>> HLT config extraction succeeded with process name 'HLT'
>>>   HLT menu name: '/cdaq/physics/Run2016/25ns10e33/v2.2.0/HLT/V2'
>>>   Global tag:    '80X_dataRun2_HLT_v12'
>>>   Trigger menu did not change. Skipping...
>>> HLT config extraction succeeded with process name 'HLT'
>>>   HLT menu name: '/cdaq/physics/Run2016/25ns10e33/v2.2.0/HLT/V13'
>>>   Global tag:    '80X_dataRun2_HLT_v12'
>>>   Trigger menu did not change. Skipping...
>>> HLT config extraction succeeded with process name 'HLT'
>>>   HLT menu name: '/cdaq/physics/Run2016/25ns10e33/v2.2.1/HLT/V3'
>>>   Global tag:    '80X_dataRun2_HLT_v12'
>>>   Trigger menu did not change. Skipping...
27-Nov-2019 00:04:30 CET  Closed file file:root://xrootd-cms.infn.it//store/data/Run2016D/Tau/MINIAOD/17Jul2018-v1/40000/46AA66A9-708B-E811-9182-AC1F6B23C830.root
27-Nov-2019 00:04:30 CET  Initiating request to open file file:root://xrootd-cms.infn.it//store/data/Run2016E/Tau/MINIAOD/17Jul2018-v1/00000/863BF917-368A-E811-9D0F-0242AC1C0503.root
%MSG-w XrdAdaptor:  file_open 27-Nov-2019 00:04:36 CET PostStreamBeginLumi
Data is served from iihe.ac.be instead of original site T2_FR_GRIF_LLR
%MSG
27-Nov-2019 00:04:37 CET  Successfully opened file file:root://xrootd-cms.infn.it//store/data/Run2016E/Tau/MINIAOD/17Jul2018-v1/00000/863BF917-368A-E811-9D0F-0242AC1C0503.root
%MSG-w XrdAdaptor:  (NoModuleName) 27-Nov-2019 00:04:52 CET pre-events
Data is now served from iihe.ac.be, T2_US_Wisconsin instead of previous iihe.ac.be
%MSG
>>> HLT config extraction succeeded with process name 'HLT'
>>>   HLT menu name: '/cdaq/physics/Run2016/25ns15e33/v3.0/HLT/V6'
>>>   Global tag:    '80X_dataRun2_HLT_v12'
[2019-11-27 00:04:56.081160 +0100][Error  ][AsyncSock         ] [xrootd-cms.infn.it:1213 #0.0] Socket error while handshaking: [ERROR] Socket timeout
[2019-11-27 00:04:56.081226 +0100][Error  ][PostMaster        ] [xrootd-cms.infn.it:1213 #0] elapsed = 45, pConnectionWindow = 31 seconds.
[2019-11-27 00:04:56.128197 +0100][Error  ][AsyncSock         ] [xrootd-cms.infn.it:1213 #0.0] Socket error while handshaking: [ERROR] Socket error: Connection reset by peer
[2019-11-27 00:04:56.128252 +0100][Error  ][PostMaster        ] [xrootd-cms.infn.it:1213 #0] elapsed = 0, pConnectionWindow = 31 seconds.
[2019-11-27 00:04:56.154696 +0100][Error  ][AsyncSock         ] [xrootd-cms.infn.it:1213 #0.0] Socket error while handshaking: [ERROR] Socket error: Connection reset by peer
[2019-11-27 00:04:56.154750 +0100][Error  ][PostMaster        ] [xrootd-cms.infn.it:1213 #0] elapsed = 0, pConnectionWindow = 31 seconds.
[2019-11-27 00:04:56.154794 +0100][Error  ][PostMaster        ] [xrootd-cms.infn.it:1213 #0] Unable to recover: [ERROR] Socket error: Connection reset by peer.
[2019-11-27 00:04:56.154825 +0100][Error  ][XRootD            ] [xrootd-cms.infn.it:1213] Impossible to send message kXR_open (file: /store/mc/RunIIFall17MiniAODv2/DYJetsToLL_M-50_TuneCP5_13TeV-madgraphMLM-pythia8/MINIAODSIM/PU2017RECOSIMstep_12Apr2018_94X_mc2017_realistic_v14-v1/70000/0256D125-5A44-E811-8C69-44A842CFD64D.root?tried=+eymir.grid.metu.fedredir_cms@eymir.grid.metu.edu.tr,bafa.grid.metu.edu.tr, mode: 0660, flags: kXR_open_read kXR_async kXR_retstat ). Trying to recover.
>>> HLT config extraction succeeded with process name 'HLT'
>>>   HLT menu name: '/cdaq/physics/Run2016/25ns15e33/v3.0/HLT/V7'
>>>   Global tag:    '80X_dataRun2_HLT_v12'
>>>   Trigger menu did not change. Skipping...
>>>   Trigger menu did not change. Skipping...
>>> HLT config extraction succeeded with process name 'HLT'
>>>   HLT menu name: '/cdaq/physics/Run2016/25ns15e33/v3.0.1/HLT/V2'
>>>   Global tag:    '80X_dataRun2_HLT_v12'
>>> HLT config extraction succeeded with process name 'HLT'
>>>   HLT menu name: '/cdaq/physics/Run2016/25ns15e33/v3.0.1/HLT/V3'
>>>   Global tag:    '80X_dataRun2_HLT_v12'
>>> HLT config extraction succeeded with process name 'HLT'
>>>   HLT menu name: '/cdaq/physics/Run2016/25ns15e33/v3.0.1/HLT/V4'
>>>   Global tag:    '80X_dataRun2_HLT_v12'
>>>   Trigger menu did not change. Skipping...
>>> HLT config extraction succeeded with process name 'HLT'
>>>   HLT menu name: '/cdaq/physics/Run2016/25ns15e33/v3.0.1/HLT/V6'
>>>   Global tag:    '80X_dataRun2_HLT_v12'
27-Nov-2019 00:04:59 CET  Closed file file:root://xrootd-cms.infn.it//store/data/Run2016E/Tau/MINIAOD/17Jul2018-v1/00000/863BF917-368A-E811-9D0F-0242AC1C0503.root
27-Nov-2019 00:04:59 CET  Initiating request to open file file:root://xrootd-cms.infn.it//store/data/Run2016F/Tau/MINIAOD/17Jul2018-v1/40000/BCBF3F41-988A-E811-A6B4-008CFAFBFC72.root
[2019-11-27 00:05:31.837044 +0100][Warning][XRootDTransport   ] [131.225.207.212:19630 #0.0] Logged in, accepting empty login response.
%MSG-w XrdAdaptor:  file_open 27-Nov-2019 00:05:32 CET PostStreamBeginLumi
Data is served from fnal.gov instead of original site T2_FR_GRIF_LLR
%MSG
27-Nov-2019 00:05:32 CET  Successfully opened file file:root://xrootd-cms.infn.it//store/data/Run2016F/Tau/MINIAOD/17Jul2018-v1/40000/BCBF3F41-988A-E811-A6B4-008CFAFBFC72.root
>>> HLT config extraction succeeded with process name 'HLT'
>>>   HLT menu name: '/cdaq/physics/Run2016/25ns15e33/v3.0.3/HLT/V2'
>>>   Global tag:    '80X_dataRun2_HLT_v12'
>>> HLT config extraction succeeded with process name 'HLT'
>>>   HLT menu name: '/cdaq/physics/Run2016/25ns15e33/v3.0.3/HLT/V4'
>>>   Global tag:    '80X_dataRun2_HLT_v12'
>>> HLT config extraction succeeded with process name 'HLT'
>>>   HLT menu name: '/cdaq/physics/Run2016/25ns15e33/v3.0.3/HLT/V4'
>>>   Global tag:    '80X_dataRun2_HLT_v12'
>>> HLT config extraction succeeded with process name 'HLT'
>>>   HLT menu name: '/cdaq/physics/Run2016/25ns15e33/v3.0.3/HLT/V4'
>>>   Global tag:    '80X_dataRun2_HLT_v12'
>>> HLT config extraction succeeded with process name 'HLT'
>>>   HLT menu name: '/cdaq/physics/Run2016/25ns15e33/v3.1.1/HLT/V1'
>>>   Global tag:    '80X_dataRun2_HLT_v12'
>>> HLT config extraction succeeded with process name 'HLT'
>>>   HLT menu name: '/cdaq/physics/Run2016/25ns15e33/v3.1.1/HLT/V2'
>>>   Global tag:    '80X_dataRun2_HLT_v12'
>>>   Trigger menu did not change. Skipping...
>>> HLT config extraction succeeded with process name 'HLT'
>>>   HLT menu name: '/cdaq/physics/Run2016/25ns15e33/v3.1.2/HLT/V1'
>>>   Global tag:    '80X_dataRun2_HLT_v12'
27-Nov-2019 00:05:41 CET  Closed file file:root://xrootd-cms.infn.it//store/data/Run2016F/Tau/MINIAOD/17Jul2018-v1/40000/BCBF3F41-988A-E811-A6B4-008CFAFBFC72.root
27-Nov-2019 00:05:41 CET  Initiating request to open file file:root://xrootd-cms.infn.it//store/data/Run2016G/Tau/MINIAOD/17Jul2018-v1/20000/807650BA-C98B-E811-8B69-008CFA0A55E8.root
%MSG-w XrdAdaptor:  file_open 27-Nov-2019 00:05:45 CET PostStreamBeginLumi
Data is served from hephy.oeaw.ac.at instead of original site T2_FR_GRIF_LLR
%MSG
27-Nov-2019 00:05:45 CET  Successfully opened file file:root://xrootd-cms.infn.it//store/data/Run2016G/Tau/MINIAOD/17Jul2018-v1/20000/807650BA-C98B-E811-8B69-008CFA0A55E8.root
>>> HLT config extraction succeeded with process name 'HLT'
>>>   HLT menu name: '/cdaq/physics/Run2016/25ns15e33/v3.1.6/HLT/V1'
>>>   Global tag:    '80X_dataRun2_HLT_v12'
>>> HLT config extraction succeeded with process name 'HLT'
>>>   HLT menu name: '/cdaq/physics/Run2016/25ns15e33/v3.1.7_HighRateParkedZeroBias/HLT/V2'
>>>   Global tag:    '80X_dataRun2_HLT_v12'
>>> HLT config extraction succeeded with process name 'HLT'
>>>   HLT menu name: '/cdaq/physics/Run2016/25ns15e33/v3.1.8/HLT/V1'
>>>   Global tag:    '80X_dataRun2_HLT_v12'
>>>   Trigger menu did not change. Skipping...
>>>   Trigger menu did not change. Skipping...
27-Nov-2019 00:05:48 CET  Closed file file:root://xrootd-cms.infn.it//store/data/Run2016G/Tau/MINIAOD/17Jul2018-v1/20000/807650BA-C98B-E811-8B69-008CFA0A55E8.root
27-Nov-2019 00:05:48 CET  Initiating request to open file file:root://xrootd-cms.infn.it//store/data/Run2016H/Tau/MINIAOD/17Jul2018-v1/80000/78EDACAC-8C8D-E811-8BF8-008CFA111354.root
%MSG-w XrdAdaptor:  file_open 27-Nov-2019 00:06:04 CET PostStreamBeginLumi
Data is served from T2_US_Florida instead of original site T2_FR_GRIF_LLR
%MSG
27-Nov-2019 00:06:05 CET  Successfully opened file file:root://xrootd-cms.infn.it//store/data/Run2016H/Tau/MINIAOD/17Jul2018-v1/80000/78EDACAC-8C8D-E811-8BF8-008CFA111354.root
>>> HLT config extraction succeeded with process name 'HLT'
>>>   HLT menu name: '/cdaq/physics/Run2016/25ns15e33/v4.1.7/HLT/V1'
>>>   Global tag:    '80X_dataRun2_HLT_v12'
>>> HLT config extraction succeeded with process name 'HLT'
>>>   HLT menu name: '/cdaq/physics/Run2016/25ns15e33/v4.2.2/HLT/V1'
>>>   Global tag:    '80X_dataRun2_HLT_v12'
>>> HLT config extraction succeeded with process name 'HLT'
>>>   HLT menu name: '/cdaq/physics/Run2016/25ns15e33/v4.2.3/HLT/V1'
>>>   Global tag:    '80X_dataRun2_HLT_v12'
27-Nov-2019 00:06:12 CET  Closed file file:root://xrootd-cms.infn.it//store/data/Run2016H/Tau/MINIAOD/17Jul2018-v1/80000/78EDACAC-8C8D-E811-8BF8-008CFA111354.root
27-Nov-2019 00:06:12 CET  Initiating request to open file file:root://xrootd-cms.infn.it//store/data/Run2017B/Tau/MINIAOD/31Mar2018-v1/90000/602B3645-3237-E811-B67B-A4BF0112BE4C.root
%MSG-w XrdAdaptor:  file_open 27-Nov-2019 00:06:13 CET PostStreamBeginLumi
Data is served from cscs.ch instead of original site T2_FR_GRIF_LLR
%MSG
27-Nov-2019 00:06:13 CET  Successfully opened file file:root://xrootd-cms.infn.it//store/data/Run2017B/Tau/MINIAOD/31Mar2018-v1/90000/602B3645-3237-E811-B67B-A4BF0112BE4C.root
>>> HLT config extraction succeeded with process name 'HLT'
>>>   HLT menu name: '/cdaq/physics/Run2017/2e34/v1.1.7/HLT/V2'
>>>   Global tag:    '92X_dataRun2_HLT_v4'
>>> HLT config extraction succeeded with process name 'HLT'
>>>   HLT menu name: '/cdaq/physics/Run2017/2e34/v1.2.1/HLT/V1'
>>>   Global tag:    '92X_dataRun2_HLT_v4'
>>>   Trigger menu did not change. Skipping...
>>>   Trigger menu did not change. Skipping...
>>>   Trigger menu did not change. Skipping...
>>>   Trigger menu did not change. Skipping...
>>>   Trigger menu did not change. Skipping...
>>> HLT config extraction succeeded with process name 'HLT'
>>>   HLT menu name: '/cdaq/physics/Run2017/2e34/v1.2.1/HLT/V2'
>>>   Global tag:    '92X_dataRun2_HLT_v4'
>>> HLT config extraction succeeded with process name 'HLT'
>>>   HLT menu name: '/cdaq/physics/Run2017/2e34/v1.2.3/HLT/V3'
>>>   Global tag:    '92X_dataRun2_HLT_v4'
>>> HLT config extraction succeeded with process name 'HLT'
>>>   HLT menu name: '/cdaq/physics/Run2017/2e34/v1.2.4/HLT/V1'
>>>   Global tag:    '92X_dataRun2_HLT_v4'
>>> HLT config extraction succeeded with process name 'HLT'
>>>   HLT menu name: '/cdaq/physics/Run2017/2e34/v1.2.4/HLT/V2'
>>>   Global tag:    '92X_dataRun2_HLT_v4'
>>>   Trigger menu did not change. Skipping...
27-Nov-2019 00:06:18 CET  Closed file file:root://xrootd-cms.infn.it//store/data/Run2017B/Tau/MINIAOD/31Mar2018-v1/90000/602B3645-3237-E811-B67B-A4BF0112BE4C.root
27-Nov-2019 00:06:18 CET  Initiating request to open file file:root://xrootd-cms.infn.it//store/data/Run2017C/Tau/MINIAOD/31Mar2018-v1/00000/F057F44E-C637-E811-94D6-D4AE527EEA1D.root
%MSG-w XrdAdaptor:  file_open 27-Nov-2019 00:06:19 CET PostStreamBeginLumi
Data is served from desy.de instead of original site T2_FR_GRIF_LLR
%MSG
27-Nov-2019 00:06:19 CET  Successfully opened file file:root://xrootd-cms.infn.it//store/data/Run2017C/Tau/MINIAOD/31Mar2018-v1/00000/F057F44E-C637-E811-94D6-D4AE527EEA1D.root
>>> HLT config extraction succeeded with process name 'HLT'
>>>   HLT menu name: '/cdaq/physics/Run2017/2e34/v2.0.1/HLT/V6'
>>>   Global tag:    '92X_dataRun2_HLT_v4'
>>> HLT config extraction succeeded with process name 'HLT'
>>>   HLT menu name: '/cdaq/physics/Run2017/2e34/v2.1.0/HLT/V3'
>>>   Global tag:    '92X_dataRun2_HLT_v4'
>>>   Trigger menu did not change. Skipping...
>>>   Trigger menu did not change. Skipping...
>>>   Trigger menu did not change. Skipping...
>>>   Trigger menu did not change. Skipping...
>>> HLT config extraction succeeded with process name 'HLT'
>>>   HLT menu name: '/cdaq/physics/Run2017/2e34/v2.1.3/HLT/V1'
>>>   Global tag:    '92X_dataRun2_HLT_v4'
>>>   Trigger menu did not change. Skipping...
>>>   Trigger menu did not change. Skipping...
>>>   Trigger menu did not change. Skipping...
>>>   Trigger menu did not change. Skipping...
>>> HLT config extraction succeeded with process name 'HLT'
>>>   HLT menu name: '/cdaq/physics/Run2017/2e34/v2.2.0/HLT/V2'
>>>   Global tag:    '92X_dataRun2_HLT_v7'
27-Nov-2019 00:06:24 CET  Closed file file:root://xrootd-cms.infn.it//store/data/Run2017C/Tau/MINIAOD/31Mar2018-v1/00000/F057F44E-C637-E811-94D6-D4AE527EEA1D.root
27-Nov-2019 00:06:24 CET  Initiating request to open file file:root://xrootd-cms.infn.it//store/data/Run2017D/Tau/MINIAOD/31Mar2018-v1/00000/6695F96F-E836-E811-BB64-008CFAF554C8.root
%MSG-w XrdAdaptor:  file_open 27-Nov-2019 00:06:26 CET PostStreamBeginLumi
Data is served from recas.ba.infn.it instead of original site T2_FR_GRIF_LLR
%MSG
27-Nov-2019 00:06:27 CET  Successfully opened file file:root://xrootd-cms.infn.it//store/data/Run2017D/Tau/MINIAOD/31Mar2018-v1/00000/6695F96F-E836-E811-BB64-008CFAF554C8.root
>>> HLT config extraction succeeded with process name 'HLT'
>>>   HLT menu name: '/cdaq/physics/Run2017/2e34/v3.0.0/HLT/V1'
>>>   Global tag:    '92X_dataRun2_HLT_v7'
>>>   Trigger menu did not change. Skipping...
>>>   Trigger menu did not change. Skipping...
>>>   Trigger menu did not change. Skipping...
>>>   Trigger menu did not change. Skipping...
>>>   Trigger menu did not change. Skipping...
>>>   Trigger menu did not change. Skipping...
>>>   Trigger menu did not change. Skipping...
>>>   Trigger menu did not change. Skipping...
>>> HLT config extraction succeeded with process name 'HLT'
>>>   HLT menu name: '/cdaq/physics/Run2017/2e34/v3.0.0/HLT/V4'
>>>   Global tag:    '92X_dataRun2_HLT_v7'
>>>   Trigger menu did not change. Skipping...
27-Nov-2019 00:06:31 CET  Closed file file:root://xrootd-cms.infn.it//store/data/Run2017D/Tau/MINIAOD/31Mar2018-v1/00000/6695F96F-E836-E811-BB64-008CFAF554C8.root
27-Nov-2019 00:06:31 CET  Initiating request to open file file:root://xrootd-cms.infn.it//store/data/Run2017E/Tau/MINIAOD/31Mar2018-v1/90000/4075D591-6C37-E811-BED9-B4E10FA31F63.root
%MSG-w XrdAdaptor:  file_open 27-Nov-2019 00:06:32 CET PostStreamBeginLumi
Data is served from desy.de instead of original site T2_FR_GRIF_LLR
%MSG
27-Nov-2019 00:06:32 CET  Successfully opened file file:root://xrootd-cms.infn.it//store/data/Run2017E/Tau/MINIAOD/31Mar2018-v1/90000/4075D591-6C37-E811-BED9-B4E10FA31F63.root
>>> HLT config extraction succeeded with process name 'HLT'
>>>   HLT menu name: '/cdaq/physics/Run2017/2e34/v3.1.0/HLT/V2'
>>>   Global tag:    '92X_dataRun2_HLT_v7'
>>>   Trigger menu did not change. Skipping...
>>>   Trigger menu did not change. Skipping...
>>>   Trigger menu did not change. Skipping...
>>> HLT config extraction succeeded with process name 'HLT'
>>>   HLT menu name: '/cdaq/physics/Run2017/2e34/v3.1.3/HLT/V1'
>>>   Global tag:    '92X_dataRun2_HLT_v7'
>>>   Trigger menu did not change. Skipping...
>>>   Trigger menu did not change. Skipping...
>>>   Trigger menu did not change. Skipping...
27-Nov-2019 00:06:36 CET  Closed file file:root://xrootd-cms.infn.it//store/data/Run2017E/Tau/MINIAOD/31Mar2018-v1/90000/4075D591-6C37-E811-BED9-B4E10FA31F63.root
27-Nov-2019 00:06:36 CET  Initiating request to open file file:root://xrootd-cms.infn.it//store/data/Run2017F/Tau/MINIAOD/31Mar2018-v1/30000/E45B7EAA-BB37-E811-9BD6-1866DAEA79C8.root
%MSG-w XrdAdaptor:  file_open 27-Nov-2019 00:06:37 CET PostStreamBeginLumi
Data is served from lnl.infn.it instead of original site T2_FR_GRIF_LLR
%MSG
27-Nov-2019 00:06:38 CET  Successfully opened file file:root://xrootd-cms.infn.it//store/data/Run2017F/Tau/MINIAOD/31Mar2018-v1/30000/E45B7EAA-BB37-E811-9BD6-1866DAEA79C8.root
>>> HLT config extraction succeeded with process name 'HLT'
>>>   HLT menu name: '/cdaq/physics/Run2017/2e34/v3.1.3/HLT/V2'
>>>   Global tag:    '92X_dataRun2_HLT_v7'
>>> HLT config extraction succeeded with process name 'HLT'
>>>   HLT menu name: '/cdaq/physics/Run2017/2e34/v3.2.2/HLT/V6'
>>>   Global tag:    '92X_dataRun2_HLT_v7'
>>>   Trigger menu did not change. Skipping...
>>>   Trigger menu did not change. Skipping...
>>>   Trigger menu did not change. Skipping...
>>> HLT config extraction succeeded with process name 'HLT'
>>>   HLT menu name: '/cdaq/physics/Run2017/2e34/v4.1.0/HLT/V3'
>>>   Global tag:    '92X_dataRun2_HLT_v7'
>>> HLT config extraction succeeded with process name 'HLT'
>>>   HLT menu name: '/cdaq/physics/Run2017/2e34/v4.2.1/HLT/V2'
>>>   Global tag:    '92X_dataRun2_HLT_v7'
27-Nov-2019 00:06:43 CET  Closed file file:root://xrootd-cms.infn.it//store/data/Run2017F/Tau/MINIAOD/31Mar2018-v1/30000/E45B7EAA-BB37-E811-9BD6-1866DAEA79C8.root
27-Nov-2019 00:06:43 CET  Initiating request to open file file:root://xrootd-cms.infn.it//store/data/Run2018A/Tau/MINIAOD/17Sep2018-v1/270000/72909117-1CB7-A745-99E4-34F7728F0DC1.root
%MSG-w XrdAdaptor:  file_open 27-Nov-2019 00:06:52 CET PostStreamBeginLumi
Data is served from T2_US_Florida instead of original site T2_FR_GRIF_LLR
%MSG
27-Nov-2019 00:06:52 CET  Successfully opened file file:root://xrootd-cms.infn.it//store/data/Run2018A/Tau/MINIAOD/17Sep2018-v1/270000/72909117-1CB7-A745-99E4-34F7728F0DC1.root
>>> HLT config extraction succeeded with process name 'HLT'
>>>   HLT menu name: '/cdaq/physics/Run2018/2e34/v1.2.2/HLT/V3'
>>>   Global tag:    '101X_dataRun2_HLT_v7'
>>>   Trigger menu did not change. Skipping...
>>> HLT config extraction succeeded with process name 'HLT'
>>>   HLT menu name: '/cdaq/physics/Run2018/2e34/v2.0.2/HLT/V2'
>>>   Global tag:    '101X_dataRun2_HLT_v7'
>>> HLT config extraction succeeded with process name 'HLT'
>>>   HLT menu name: '/cdaq/physics/Run2018/2e34/v2.0.3/HLT/V1'
>>>   Global tag:    '101X_dataRun2_HLT_v7'
>>>   Trigger menu did not change. Skipping...
>>>   Trigger menu did not change. Skipping...
27-Nov-2019 00:07:01 CET  Closed file file:root://xrootd-cms.infn.it//store/data/Run2018A/Tau/MINIAOD/17Sep2018-v1/270000/72909117-1CB7-A745-99E4-34F7728F0DC1.root
27-Nov-2019 00:07:01 CET  Initiating request to open file file:root://xrootd-cms.infn.it//store/data/Run2018B/Tau/MINIAOD/17Sep2018-v1/100000/FB06FB19-4CC9-5F47-AEE2-D69D3089BA91.root
%MSG-w XrdAdaptor:  file_open 27-Nov-2019 00:07:04 CET PostStreamBeginLumi
Data is served from physics.uoi.gr instead of original site T2_FR_GRIF_LLR
%MSG
27-Nov-2019 00:07:05 CET  Successfully opened file file:root://xrootd-cms.infn.it//store/data/Run2018B/Tau/MINIAOD/17Sep2018-v1/100000/FB06FB19-4CC9-5F47-AEE2-D69D3089BA91.root
>>> HLT config extraction succeeded with process name 'HLT'
>>>   HLT menu name: '/cdaq/physics/Run2018/2e34/v2.1.5/HLT/V5'
>>>   Global tag:    '101X_dataRun2_HLT_v7'
>>> HLT config extraction succeeded with process name 'HLT'
>>>   HLT menu name: '/cdaq/physics/Run2018/2e34/v2.1.7/HLT/V3'
>>>   Global tag:    '101X_dataRun2_HLT_v7'
>>>   Trigger menu did not change. Skipping...
[2019-11-27 00:07:10.845802 +0100][Warning][XRootD            ] [xrootd-cms.infn.it:1094] Redirect limit has been reached for message kXR_open (file: /store/data/Run2018B/Tau/MINIAOD/17Sep2018-v1/100000/FB06FB19-4CC9-5F47-AEE2-D69D3089BA91.root?tried=grid23.physics.uoi.gr,grid02.physics.uoi.gr,grid02.physics.uoi.gr,grid02.physics.uoi.gr,grid02.physics.uoi.gr,grid02.physics.uoi.gr,grid02.physics.uoi.gr,grid02.physics.uoi.gr,grid02.physics.uoi.gr,grid02.physics.uoi.gr,grid02.physics.uoi.gr,grid02.physics.uoi.gr,grid02.physics.uoi.gr,grid02.physics.uoi.gr,grid02.physics.uoi.gr,grid02.physics.uoi.gr,grid02.physics.uoi.gr&triedrc=enoent,enoent,enoent,enoent,enoent,enoent,enoent,enoent,enoent,enoent,enoent,enoent,enoent,enoent,enoent,enoent, mode: 0660, flags: kXR_open_read kXR_async kXR_retstat ), the last known error is: [ERROR] Error response: No such file or directory
>>> HLT config extraction succeeded with process name 'HLT'
>>>   HLT menu name: '/cdaq/physics/Run2018/2e34/v2.2.0/HLT/V1'
>>>   Global tag:    '101X_dataRun2_HLT_v7'
>>> HLT config extraction succeeded with process name 'HLT'
>>>   HLT menu name: '/cdaq/physics/Run2018/2e34/v2.2.0/HLT/V2'
>>>   Global tag:    '101X_dataRun2_HLT_v7'
27-Nov-2019 00:07:12 CET  Closed file file:root://xrootd-cms.infn.it//store/data/Run2018B/Tau/MINIAOD/17Sep2018-v1/100000/FB06FB19-4CC9-5F47-AEE2-D69D3089BA91.root
27-Nov-2019 00:07:12 CET  Initiating request to open file file:root://xrootd-cms.infn.it//store/data/Run2018C/Tau/MINIAOD/17Sep2018-v1/120000/B21AD337-DD07-0943-9683-93FC5C1215DB.root
%MSG-w XrdAdaptor:  file_open 27-Nov-2019 00:07:21 CET PostStreamBeginLumi
Data is served from T2_US_Florida instead of original site T2_FR_GRIF_LLR
%MSG
27-Nov-2019 00:07:21 CET  Successfully opened file file:root://xrootd-cms.infn.it//store/data/Run2018C/Tau/MINIAOD/17Sep2018-v1/120000/B21AD337-DD07-0943-9683-93FC5C1215DB.root
>>> HLT config extraction succeeded with process name 'HLT'
>>>   HLT menu name: '/cdaq/physics/Run2018/2e34/v2.2.3/HLT/V2'
>>>   Global tag:    '101X_dataRun2_HLT_v7'
>>>   Trigger menu did not change. Skipping...
27-Nov-2019 00:07:28 CET  Closed file file:root://xrootd-cms.infn.it//store/data/Run2018C/Tau/MINIAOD/17Sep2018-v1/120000/B21AD337-DD07-0943-9683-93FC5C1215DB.root
27-Nov-2019 00:07:28 CET  Initiating request to open file file:root://xrootd-cms.infn.it//store/data/Run2018D/Tau/MINIAOD/PromptReco-v2/000/320/654/00000/FE8DA6C7-9896-E811-8CD8-FA163EA5E58D.root
%MSG-w XrdAdaptor:  file_open 27-Nov-2019 00:07:30 CET PostStreamBeginLumi
Data is served from lnl.infn.it instead of original site T2_FR_GRIF_LLR
%MSG
27-Nov-2019 00:07:30 CET  Successfully opened file file:root://xrootd-cms.infn.it//store/data/Run2018D/Tau/MINIAOD/PromptReco-v2/000/320/654/00000/FE8DA6C7-9896-E811-8CD8-FA163EA5E58D.root
>>> HLT config extraction succeeded with process name 'HLT'
>>>   HLT menu name: '/cdaq/physics/Run2018/2e34/v3.3.0/HLT/V9'
>>>   Global tag:    '101X_dataRun2_HLT_v7'
27-Nov-2019 00:07:35 CET  Closed file file:root://xrootd-cms.infn.it//store/data/Run2018D/Tau/MINIAOD/PromptReco-v2/000/320/654/00000/FE8DA6C7-9896-E811-8CD8-FA163EA5E58D.root

  **** Summary of trigger menus ****************************
  *                                                        *
  *   80X_mcRun2_asymptotic_2016_TrancheIV_v6              *
  *     /frozen/2016/25ns15e33/v4.0/HLT/V2                 *
  *                                                        *
  *   94X_mc2017_realistic_v10                             *
  *     /frozen/2017/2e34/v4.0/HLT/V5                      *
  *                                                        *
  *   102X_upgrade2018_realistic_v15                       *
  *     /frozen/2018/2e34/v3.2/HLT/V1                      *
  *                                                        *
  *   80X_dataRun2_HLT_v12                                 *
  *     /cdaq/physics/Run2016/25ns10e33/v1.2.1/HLT/V4      *
  *     /cdaq/physics/Run2016/25ns10e33/v1.2.3/HLT/V6      *
  *     /cdaq/physics/Run2016/25ns10e33/v1.2.4/HLT/V1      *
  *     /cdaq/physics/Run2016/25ns10e33/v1.2.5/HLT/V3      *
  *     /cdaq/physics/Run2016/25ns10e33/v1.2.5/HLT/V6      *
  *     /cdaq/physics/Run2016/25ns10e33/v1.2.5/HLT/V9      *
  *     /cdaq/physics/Run2016/25ns10e33/v2.1.4/HLT/V1      *
  *     /cdaq/physics/Run2016/25ns10e33/v2.1.4/HLT/V2      *
  *     /cdaq/physics/Run2016/25ns10e33/v2.2.0/HLT/V13     *
  *     /cdaq/physics/Run2016/25ns10e33/v2.2.0/HLT/V2      *
  *     /cdaq/physics/Run2016/25ns10e33/v2.2.1/HLT/V3      *
  *     /cdaq/physics/Run2016/25ns15e33/v3.0.1/HLT/V2      *
  *     /cdaq/physics/Run2016/25ns15e33/v3.0.1/HLT/V3      *
  *     /cdaq/physics/Run2016/25ns15e33/v3.0.1/HLT/V4      *
  *     /cdaq/physics/Run2016/25ns15e33/v3.0.1/HLT/V6      *
  *     /cdaq/physics/Run2016/25ns15e33/v3.0.3/HLT/V2      *
  *     /cdaq/physics/Run2016/25ns15e33/v3.0.3/HLT/V4      *
  *     /cdaq/physics/Run2016/25ns15e33/v3.0/HLT/V6        *
  *     /cdaq/physics/Run2016/25ns15e33/v3.0/HLT/V7        *
  *     /cdaq/physics/Run2016/25ns15e33/v3.1.1/HLT/V1      *
  *     /cdaq/physics/Run2016/25ns15e33/v3.1.1/HLT/V2      *
  *     /cdaq/physics/Run2016/25ns15e33/v3.1.2/HLT/V1      *
  *     /cdaq/physics/Run2016/25ns15e33/v3.1.6/HLT/V1      *
  *     /cdaq/physics/Run2016/25ns15e33/v3.1.7_HighRateParkedZeroBias/HLT/V2*
  *     /cdaq/physics/Run2016/25ns15e33/v3.1.8/HLT/V1      *
  *     /cdaq/physics/Run2016/25ns15e33/v4.1.7/HLT/V1      *
  *     /cdaq/physics/Run2016/25ns15e33/v4.2.2/HLT/V1      *
  *     /cdaq/physics/Run2016/25ns15e33/v4.2.3/HLT/V1      *
  *                                                        *
  *   92X_dataRun2_HLT_v4                                  *
  *     /cdaq/physics/Run2017/2e34/v1.1.7/HLT/V2           *
  *     /cdaq/physics/Run2017/2e34/v1.2.1/HLT/V1           *
  *     /cdaq/physics/Run2017/2e34/v1.2.1/HLT/V2           *
  *     /cdaq/physics/Run2017/2e34/v1.2.3/HLT/V3           *
  *     /cdaq/physics/Run2017/2e34/v1.2.4/HLT/V1           *
  *     /cdaq/physics/Run2017/2e34/v1.2.4/HLT/V2           *
  *     /cdaq/physics/Run2017/2e34/v2.0.1/HLT/V6           *
  *     /cdaq/physics/Run2017/2e34/v2.1.0/HLT/V3           *
  *     /cdaq/physics/Run2017/2e34/v2.1.3/HLT/V1           *
  *                                                        *
  *   92X_dataRun2_HLT_v7                                  *
  *     /cdaq/physics/Run2017/2e34/v2.2.0/HLT/V2           *
  *     /cdaq/physics/Run2017/2e34/v3.0.0/HLT/V1           *
  *     /cdaq/physics/Run2017/2e34/v3.0.0/HLT/V4           *
  *     /cdaq/physics/Run2017/2e34/v3.1.0/HLT/V2           *
  *     /cdaq/physics/Run2017/2e34/v3.1.3/HLT/V1           *
  *     /cdaq/physics/Run2017/2e34/v3.1.3/HLT/V2           *
  *     /cdaq/physics/Run2017/2e34/v3.2.2/HLT/V6           *
  *     /cdaq/physics/Run2017/2e34/v4.1.0/HLT/V3           *
  *     /cdaq/physics/Run2017/2e34/v4.2.1/HLT/V2           *
  *                                                        *
  *   101X_dataRun2_HLT_v7                                 *
  *     /cdaq/physics/Run2018/2e34/v1.2.2/HLT/V3           *
  *     /cdaq/physics/Run2018/2e34/v2.0.2/HLT/V2           *
  *     /cdaq/physics/Run2018/2e34/v2.0.3/HLT/V1           *
  *     /cdaq/physics/Run2018/2e34/v2.1.5/HLT/V5           *
  *     /cdaq/physics/Run2018/2e34/v2.1.7/HLT/V3           *
  *     /cdaq/physics/Run2018/2e34/v2.2.0/HLT/V1           *
  *     /cdaq/physics/Run2018/2e34/v2.2.0/HLT/V2           *
  *     /cdaq/physics/Run2018/2e34/v2.2.3/HLT/V2           *
  *     /cdaq/physics/Run2018/2e34/v3.3.0/HLT/V9           *
  *                                                        *
  **********************************************************

  **** Summary of filters per trigger in '80X_mcRun2_asymptotic_2016_TrancheIV_v6' ***********
  *                                                                                          *
  *   HLT_DoubleMediumCombinedIsoPFTau35_Trk1_eta2p1_Reg                                     *
  *     -> hltL3MuonCandidates (P)                                                           *
  *     hltDoublePFTau35TrackPt1MediumCombinedIsolationDz02Reg                               *
  *                                                                                          *
  *   HLT_DoubleMediumIsoPFTau35_Trk1_eta2p1_Reg                                             *
  *     -> hltL3MuonCandidates (P)                                                           *
  *     hltDoublePFTau35TrackPt1MediumIsolationDz02Reg                                       *
  *                                                                                          *
  *   HLT_Ele24_eta2p1_WPLoose_Gsf_LooseIsoPFTau20                                           *
  *     -> hltEgammaCandidates (P)                                                           *
  *     -> hltEle24WPLooseL1IsoEG22erTau20erPixelMatchFilter (F)                             *
  *     -> hltL3MuonCandidates (P)                                                           *
  *     hltOverlapFilterIsoEle24WPLooseGsfLooseIsoPFTau20                                    *
  *                                                                                          *
  *   HLT_Ele24_eta2p1_WPLoose_Gsf_LooseIsoPFTau20_SingleL1                                  *
  *     -> hltEgammaCandidates (P)                                                           *
  *     -> hltEle24WPLooseL1SingleIsoEG22erPixelMatchFilter (F)                              *
  *     -> hltL3MuonCandidates (P)                                                           *
  *     hltOverlapFilterSingleIsoEle24WPLooseGsfLooseIsoPFTau20                              *
  *                                                                                          *
  *   HLT_Ele24_eta2p1_WPLoose_Gsf_LooseIsoPFTau30                                           *
  *     -> hltEgammaCandidates (P)                                                           *
  *     -> hltEle24WPLooseL1IsoEG22erIsoTau26erPixelMatchFilter (F)                          *
  *     -> hltL3MuonCandidates (P)                                                           *
  *     hltOverlapFilterIsoEle24WPLooseGsfLooseIsoPFTau30                                    *
  *                                                                                          *
  *   HLT_IsoMu19_eta2p1_LooseIsoPFTau20                                                     *
  *     -> hltL3MuonCandidates (P)                                                           *
  *     -> hltL3crIsoL1sMu18erTauJet20erL1f0L2f10QL3f19QL3trkIsoFiltered0p09 (F)             *
  *     hltOverlapFilterIsoMu19LooseIsoPFTau20                                               *
  *                                                                                          *
  *   HLT_IsoMu19_eta2p1_LooseIsoPFTau20_SingleL1                                            *
  *     -> hltL3MuonCandidates (P)                                                           *
  *     -> hltL3crIsoL1sSingleMu18erIorSingleMu20erL1f0L2f10QL3f19QL3trkIsoFiltered0p09 (F)  *
  *     hltOverlapFilterSingleIsoMu19LooseIsoPFTau20                                         *
  *                                                                                          *
  ********************************************************************************************

  **** Summary of filters per trigger in '94X_mc2017_realistic_v10' **************************
  *                                                                                          *
  *   HLT_DoubleMediumChargedIsoPFTau40_Trk1_TightID_eta2p1_Reg                              *
  *     -> hltIterL3MuonCandidates (P)                                                       *
  *     -> hltIterL3OIL3MuonCandidates (P)                                                   *
  *     hltDoublePFTau40TrackPt1MediumChargedIsolationAndTightOOSCPhotonsDz02Reg             *
  *                                                                                          *
  *   HLT_DoubleTightChargedIsoPFTau35_Trk1_TightID_eta2p1_Reg                               *
  *     -> hltIterL3MuonCandidates (P)                                                       *
  *     -> hltIterL3OIL3MuonCandidates (P)                                                   *
  *     hltDoublePFTau35TrackPt1TightChargedIsolationAndTightOOSCPhotonsDz02Reg              *
  *                                                                                          *
  *   HLT_DoubleTightChargedIsoPFTau40_Trk1_eta2p1_Reg                                       *
  *     -> hltIterL3MuonCandidates (P)                                                       *
  *     -> hltIterL3OIL3MuonCandidates (P)                                                   *
  *     hltDoublePFTau40TrackPt1TightChargedIsolationDz02Reg                                 *
  *                                                                                          *
  *   HLT_Ele24_eta2p1_WPTight_Gsf_LooseChargedIsoPFTau30_eta2p1_CrossL1                     *
  *     -> hltEgammaCandidates (P)                                                           *
  *     -> hltEle24erWPTightPixelMatchFilterForTau (F)                                       *
  *     -> hltIterL3MuonCandidates (P)                                                       *
  *     -> hltIterL3OIL3MuonCandidates (P)                                                   *
  *     hltOverlapFilterIsoEle24WPTightGsfLooseIsoPFTau30                                    *
  *                                                                                          *
  *   HLT_IsoMu20_eta2p1_LooseChargedIsoPFTau27_eta2p1_CrossL1                               *
  *     -> hltIterL3MuonCandidates (P)                                                       *
  *     -> hltIterL3OIL3MuonCandidates (P)                                                   *
  *     hltOverlapFilterIsoMu20LooseChargedIsoPFTau27L1Seeded                                *
  *                                                                                          *
  ********************************************************************************************

  **** Summary of filters per trigger in '102X_upgrade2018_realistic_v15' ********************
  *                                                                                          *
  *   HLT_DoubleMediumChargedIsoPFTauHPS35_Trk1_eta2p1_Reg                                   *
  *     -> hltIterL3MuonCandidates (P)                                                       *
  *     -> hltIterL3OIL3MuonCandidates (P)                                                   *
  *     hltHpsDoublePFTau35TrackPt1MediumChargedIsolationDz02Reg                             *
  *                                                                                          *
  *   HLT_Ele24_eta2p1_WPTight_Gsf_LooseChargedIsoPFTauHPS30_eta2p1_CrossL1                  *
  *     -> hltEgammaCandidates (P)                                                           *
  *     -> hltEle24erWPTightPixelMatchFilterForTau (F)                                       *
  *     -> hltIterL3MuonCandidates (P)                                                       *
  *     -> hltIterL3OIL3MuonCandidates (P)                                                   *
  *     hltHpsOverlapFilterIsoEle24WPTightGsfLooseIsoPFTau30                                 *
  *                                                                                          *
  *   HLT_IsoMu20_eta2p1_LooseChargedIsoPFTauHPS27_eta2p1_CrossL1                            *
  *     -> hltIterL3MuonCandidates (P)                                                       *
  *     -> hltIterL3OIL3MuonCandidates (P)                                                   *
  *     hltHpsOverlapFilterIsoMu20LooseChargedIsoPFTau27L1Seeded                             *
  *                                                                                          *
  ********************************************************************************************

  **** Summary of filters per trigger in '80X_dataRun2_HLT_v12' ******************************
  *                                                                                          *
  *   HLT_DoubleMediumCombinedIsoPFTau35_Trk1_eta2p1_Reg                                     *
  *     -> hltL3MuonCandidates (P)                                                           *
  *     hltDoublePFTau35TrackPt1MediumCombinedIsolationDz02Reg                               *
  *                                                                                          *
  *   HLT_Ele24_eta2p1_WPLoose_Gsf_LooseIsoPFTau30                                           *
  *     -> hltEgammaCandidates (P)                                                           *
  *     -> hltEle24WPLooseL1IsoEG22erIsoTau26erPixelMatchFilter (F)                          *
  *     -> hltL3MuonCandidates (P)                                                           *
  *     hltOverlapFilterIsoEle24WPLooseGsfLooseIsoPFTau30                                    *
  *                                                                                          *
  *   HLT_IsoMu19_eta2p1_LooseIsoPFTau20                                                     *
  *     -> hltL3MuonCandidates (P)                                                           *
  *     -> hltL3crIsoL1sMu18erTauJet20erL1f0L2f10QL3f19QL3trkIsoFiltered0p09 (F)             *
  *     hltOverlapFilterIsoMu19LooseIsoPFTau20                                               *
  *                                                                                          *
  *   HLT_IsoMu19_eta2p1_LooseIsoPFTau20_SingleL1                                            *
  *     -> hltL3MuonCandidates (P)                                                           *
  *     -> hltL3crIsoL1sSingleMu18erIorSingleMu20erL1f0L2f10QL3f19QL3trkIsoFiltered0p09 (F)  *
  *     hltOverlapFilterSingleIsoMu19LooseIsoPFTau20                                         *
  *                                                                                          *
  ********************************************************************************************

  **** Summary of filters per trigger in '92X_dataRun2_HLT_v4' *******************************
  *                                                                                          *
  *   HLT_DoubleMediumChargedIsoPFTau40_Trk1_TightID_eta2p1_Reg                              *
  *     -> hltIterL3MuonCandidates (P)                                                       *
  *     -> hltIterL3OIL3MuonCandidates (P)                                                   *
  *     hltDoublePFTau40TrackPt1MediumChargedIsolationAndTightOOSCPhotonsDz02Reg             *
  *                                                                                          *
  *   HLT_DoubleTightChargedIsoPFTau35_Trk1_TightID_eta2p1_Reg                               *
  *     -> hltIterL3MuonCandidates (P)                                                       *
  *     -> hltIterL3OIL3MuonCandidates (P)                                                   *
  *     hltDoublePFTau35TrackPt1TightChargedIsolationAndTightOOSCPhotonsDz02Reg              *
  *                                                                                          *
  *   HLT_DoubleTightChargedIsoPFTau40_Trk1_eta2p1_Reg                                       *
  *     -> hltIterL3MuonCandidates (P)                                                       *
  *     -> hltIterL3OIL3MuonCandidates (P)                                                   *
  *     hltDoublePFTau40TrackPt1TightChargedIsolationDz02Reg                                 *
  *                                                                                          *
  *   HLT_Ele24_eta2p1_WPTight_Gsf_LooseChargedIsoPFTau30_eta2p1_CrossL1                     *
  *     -> hltEgammaCandidates (P)                                                           *
  *     -> hltEle24erWPTightPixelMatchFilterForTau (F)                                       *
  *     -> hltIterL3MuonCandidates (P)                                                       *
  *     -> hltIterL3OIL3MuonCandidates (P)                                                   *
  *     hltOverlapFilterIsoEle24WPTightGsfLooseIsoPFTau30                                    *
  *                                                                                          *
  *   HLT_IsoMu20_eta2p1_LooseChargedIsoPFTau27_eta2p1_CrossL1                               *
  *     -> hltIterL3MuonCandidates (P)                                                       *
  *     -> hltIterL3OIL3MuonCandidates (P)                                                   *
  *     hltOverlapFilterIsoMu20LooseChargedIsoPFTau27L1Seeded                                *
  *                                                                                          *
  ********************************************************************************************

  **** Summary of filters per trigger in '92X_dataRun2_HLT_v7' *******************************
  *                                                                                          *
  *   HLT_DoubleMediumChargedIsoPFTau40_Trk1_TightID_eta2p1_Reg                              *
  *     -> hltIterL3MuonCandidates (P)                                                       *
  *     -> hltIterL3OIL3MuonCandidates (P)                                                   *
  *     hltDoublePFTau40TrackPt1MediumChargedIsolationAndTightOOSCPhotonsDz02Reg             *
  *                                                                                          *
  *   HLT_DoubleTightChargedIsoPFTau35_Trk1_TightID_eta2p1_Reg                               *
  *     -> hltIterL3MuonCandidates (P)                                                       *
  *     -> hltIterL3OIL3MuonCandidates (P)                                                   *
  *     hltDoublePFTau35TrackPt1TightChargedIsolationAndTightOOSCPhotonsDz02Reg              *
  *                                                                                          *
  *   HLT_DoubleTightChargedIsoPFTau40_Trk1_eta2p1_Reg                                       *
  *     -> hltIterL3MuonCandidates (P)                                                       *
  *     -> hltIterL3OIL3MuonCandidates (P)                                                   *
  *     hltDoublePFTau40TrackPt1TightChargedIsolationDz02Reg                                 *
  *                                                                                          *
  *   HLT_Ele24_eta2p1_WPTight_Gsf_LooseChargedIsoPFTau30_eta2p1_CrossL1                     *
  *     -> hltEgammaCandidates (P)                                                           *
  *     -> hltEle24erWPTightPixelMatchFilterForTau (F)                                       *
  *     -> hltIterL3MuonCandidates (P)                                                       *
  *     -> hltIterL3OIL3MuonCandidates (P)                                                   *
  *     hltOverlapFilterIsoEle24WPTightGsfLooseIsoPFTau30                                    *
  *                                                                                          *
  *   HLT_IsoMu20_eta2p1_LooseChargedIsoPFTau27_eta2p1_CrossL1                               *
  *     -> hltIterL3MuonCandidates (P)                                                       *
  *     -> hltIterL3OIL3MuonCandidates (P)                                                   *
  *     hltOverlapFilterIsoMu20LooseChargedIsoPFTau27L1Seeded                                *
  *                                                                                          *
  ********************************************************************************************

  **** Summary of filters per trigger in '101X_dataRun2_HLT_v7' ******************************
  *                                                                                          *
  *   HLT_DoubleMediumChargedIsoPFTauHPS35_Trk1_eta2p1_Reg                                   *
  *     -> hltIterL3MuonCandidates (P)                                                       *
  *     -> hltIterL3OIL3MuonCandidates (P)                                                   *
  *     hltHpsDoublePFTau35TrackPt1MediumChargedIsolationDz02Reg                             *
  *                                                                                          *
  *   HLT_Ele24_eta2p1_WPTight_Gsf_LooseChargedIsoPFTauHPS30_eta2p1_CrossL1                  *
  *     -> hltEgammaCandidates (P)                                                           *
  *     -> hltEle24erWPTightPixelMatchFilterForTau (F)                                       *
  *     -> hltIterL3MuonCandidates (P)                                                       *
  *     -> hltIterL3OIL3MuonCandidates (P)                                                   *
  *     hltHpsOverlapFilterIsoEle24WPTightGsfLooseIsoPFTau30                                 *
  *                                                                                          *
  *   HLT_IsoMu20_eta2p1_LooseChargedIsoPFTauHPS27_eta2p1_CrossL1                            *
  *     -> hltIterL3MuonCandidates (P)                                                       *
  *     -> hltIterL3OIL3MuonCandidates (P)                                                   *
  *     hltHpsOverlapFilterIsoMu20LooseChargedIsoPFTau27L1Seeded                             *
  *                                                                                          *
  ********************************************************************************************

  **** Summary of filters per trigger in 'All' ***********************************************
  *                                                                                          *
  *   HLT_DoubleMediumChargedIsoPFTau40_Trk1_TightID_eta2p1_Reg                              *
  *     -> hltIterL3MuonCandidates (P)                                                       *
  *     -> hltIterL3OIL3MuonCandidates (P)                                                   *
  *     hltDoublePFTau40TrackPt1MediumChargedIsolationAndTightOOSCPhotonsDz02Reg             *
  *                                                                                          *
  *   HLT_DoubleMediumChargedIsoPFTauHPS35_Trk1_eta2p1_Reg                                   *
  *     -> hltIterL3MuonCandidates (P)                                                       *
  *     -> hltIterL3OIL3MuonCandidates (P)                                                   *
  *     hltHpsDoublePFTau35TrackPt1MediumChargedIsolationDz02Reg                             *
  *                                                                                          *
  *   HLT_DoubleMediumCombinedIsoPFTau35_Trk1_eta2p1_Reg                                     *
  *     -> hltL3MuonCandidates (P)                                                           *
  *     hltDoublePFTau35TrackPt1MediumCombinedIsolationDz02Reg                               *
  *                                                                                          *
  *   HLT_DoubleMediumIsoPFTau35_Trk1_eta2p1_Reg                                             *
  *     -> hltL3MuonCandidates (P)                                                           *
  *     hltDoublePFTau35TrackPt1MediumIsolationDz02Reg                                       *
  *                                                                                          *
  *   HLT_DoubleTightChargedIsoPFTau35_Trk1_TightID_eta2p1_Reg                               *
  *     -> hltIterL3MuonCandidates (P)                                                       *
  *     -> hltIterL3OIL3MuonCandidates (P)                                                   *
  *     hltDoublePFTau35TrackPt1TightChargedIsolationAndTightOOSCPhotonsDz02Reg              *
  *                                                                                          *
  *   HLT_DoubleTightChargedIsoPFTau40_Trk1_eta2p1_Reg                                       *
  *     -> hltIterL3MuonCandidates (P)                                                       *
  *     -> hltIterL3OIL3MuonCandidates (P)                                                   *
  *     hltDoublePFTau40TrackPt1TightChargedIsolationDz02Reg                                 *
  *                                                                                          *
  *   HLT_Ele24_eta2p1_WPLoose_Gsf_LooseIsoPFTau20                                           *
  *     -> hltEgammaCandidates (P)                                                           *
  *     -> hltEle24WPLooseL1IsoEG22erTau20erPixelMatchFilter (F)                             *
  *     -> hltL3MuonCandidates (P)                                                           *
  *     hltOverlapFilterIsoEle24WPLooseGsfLooseIsoPFTau20                                    *
  *                                                                                          *
  *   HLT_Ele24_eta2p1_WPLoose_Gsf_LooseIsoPFTau20_SingleL1                                  *
  *     -> hltEgammaCandidates (P)                                                           *
  *     -> hltEle24WPLooseL1SingleIsoEG22erPixelMatchFilter (F)                              *
  *     -> hltL3MuonCandidates (P)                                                           *
  *     hltOverlapFilterSingleIsoEle24WPLooseGsfLooseIsoPFTau20                              *
  *                                                                                          *
  *   HLT_Ele24_eta2p1_WPLoose_Gsf_LooseIsoPFTau30                                           *
  *     -> hltEgammaCandidates (P)                                                           *
  *     -> hltEle24WPLooseL1IsoEG22erIsoTau26erPixelMatchFilter (F)                          *
  *     -> hltL3MuonCandidates (P)                                                           *
  *     hltOverlapFilterIsoEle24WPLooseGsfLooseIsoPFTau30                                    *
  *                                                                                          *
  *   HLT_Ele24_eta2p1_WPTight_Gsf_LooseChargedIsoPFTau30_eta2p1_CrossL1                     *
  *     -> hltEgammaCandidates (P)                                                           *
  *     -> hltEle24erWPTightPixelMatchFilterForTau (F)                                       *
  *     -> hltIterL3MuonCandidates (P)                                                       *
  *     -> hltIterL3OIL3MuonCandidates (P)                                                   *
  *     hltOverlapFilterIsoEle24WPTightGsfLooseIsoPFTau30                                    *
  *                                                                                          *
  *   HLT_Ele24_eta2p1_WPTight_Gsf_LooseChargedIsoPFTauHPS30_eta2p1_CrossL1                  *
  *     -> hltEgammaCandidates (P)                                                           *
  *     -> hltEle24erWPTightPixelMatchFilterForTau (F)                                       *
  *     -> hltIterL3MuonCandidates (P)                                                       *
  *     -> hltIterL3OIL3MuonCandidates (P)                                                   *
  *     hltHpsOverlapFilterIsoEle24WPTightGsfLooseIsoPFTau30                                 *
  *                                                                                          *
  *   HLT_IsoMu19_eta2p1_LooseIsoPFTau20                                                     *
  *     -> hltL3MuonCandidates (P)                                                           *
  *     -> hltL3crIsoL1sMu18erTauJet20erL1f0L2f10QL3f19QL3trkIsoFiltered0p09 (F)             *
  *     hltOverlapFilterIsoMu19LooseIsoPFTau20                                               *
  *                                                                                          *
  *   HLT_IsoMu19_eta2p1_LooseIsoPFTau20_SingleL1                                            *
  *     -> hltL3MuonCandidates (P)                                                           *
  *     -> hltL3crIsoL1sSingleMu18erIorSingleMu20erL1f0L2f10QL3f19QL3trkIsoFiltered0p09 (F)  *
  *     hltOverlapFilterSingleIsoMu19LooseIsoPFTau20                                         *
  *                                                                                          *
  *   HLT_IsoMu20_eta2p1_LooseChargedIsoPFTau27_eta2p1_CrossL1                               *
  *     -> hltIterL3MuonCandidates (P)                                                       *
  *     -> hltIterL3OIL3MuonCandidates (P)                                                   *
  *     hltOverlapFilterIsoMu20LooseChargedIsoPFTau27L1Seeded                                *
  *                                                                                          *
  *   HLT_IsoMu20_eta2p1_LooseChargedIsoPFTauHPS27_eta2p1_CrossL1                            *
  *     -> hltIterL3MuonCandidates (P)                                                       *
  *     -> hltIterL3OIL3MuonCandidates (P)                                                   *
  *     hltHpsOverlapFilterIsoMu20LooseChargedIsoPFTau27L1Seeded                             *
  *                                                                                          *
  ********************************************************************************************

=============================================

MessageLogger Summary

 type     category        sev    module        subroutine        count    total
 ---- -------------------- -- ---------------- ----------------  -----    -----
    1 XrdAdaptor           -w (NoModuleName)                         1        1
    2 XrdAdaptor           -w file_open                             19       19
    3 fileAction           -s file_close                            19       19
    4 fileAction           -s file_open                             38       38

 type    category    Examples: run/evt        run/evt          run/evt
 ---- -------------------- ---------------- ---------------- ----------------
    1 XrdAdaptor           pre-events                        
    2 XrdAdaptor           pre-events       PostStreamBeginL PostStreamBeginL
    3 fileAction           PostStreamBeginL PostStreamBeginL PostGlobalEndRun
    4 fileAction           pre-events       pre-events       PostStreamBeginL

Severity    # Occurrences   Total Occurrences
--------    -------------   -----------------
Warning                20                  20
System                 57                  57

dropped waiting message count 0
